27-Apr-2022 16:39:04.321 INFO [main] org.apache.catalina.startup.VersionLoggerListener.log 서버 버전 이름:    Apache Tomcat/9.0.62
27-Apr-2022 16:39:04.329 INFO [main] org.apache.catalina.startup.VersionLoggerListener.log Server 빌드 시각:  Mar 31 2022 14:34:15 UTC
27-Apr-2022 16:39:04.329 INFO [main] org.apache.catalina.startup.VersionLoggerListener.log Server 버전 번호:  9.0.62.0
27-Apr-2022 16:39:04.329 INFO [main] org.apache.catalina.startup.VersionLoggerListener.log 운영체제 이름:     Windows 10
27-Apr-2022 16:39:04.329 INFO [main] org.apache.catalina.startup.VersionLoggerListener.log 운영체제 버전:     10.0
27-Apr-2022 16:39:04.329 INFO [main] org.apache.catalina.startup.VersionLoggerListener.log 아키텍처:          amd64
27-Apr-2022 16:39:04.329 INFO [main] org.apache.catalina.startup.VersionLoggerListener.log 자바 홈:           C:\Program Files\Java\jdk-17.0.1
27-Apr-2022 16:39:04.329 INFO [main] org.apache.catalina.startup.VersionLoggerListener.log JVM 버전:          17.0.1+12-LTS-39
27-Apr-2022 16:39:04.329 INFO [main] org.apache.catalina.startup.VersionLoggerListener.log JVM 벤더:          Oracle Corporation
27-Apr-2022 16:39:04.329 INFO [main] org.apache.catalina.startup.VersionLoggerListener.log CATALINA_BASE:     C:\Users\s_rudwhd515\OneDrive - konkuk.ac.kr\Desktop\KONKUK\Programming\Back-End\SpringStudy\NewLecture\tools\apache-tomcat-9.0.62
27-Apr-2022 16:39:04.329 INFO [main] org.apache.catalina.startup.VersionLoggerListener.log CATALINA_HOME:     C:\Users\s_rudwhd515\OneDrive - konkuk.ac.kr\Desktop\KONKUK\Programming\Back-End\SpringStudy\NewLecture\tools\apache-tomcat-9.0.62
27-Apr-2022 16:39:04.341 INFO [main] org.apache.catalina.startup.VersionLoggerListener.log 명령 행 아규먼트:  --add-opens=java.base/java.lang=ALL-UNNAMED
27-Apr-2022 16:39:04.341 INFO [main] org.apache.catalina.startup.VersionLoggerListener.log 명령 행 아규먼트:  --add-opens=java.base/java.io=ALL-UNNAMED
27-Apr-2022 16:39:04.341 INFO [main] org.apache.catalina.startup.VersionLoggerListener.log 명령 행 아규먼트:  --add-opens=java.base/java.util=ALL-UNNAMED
27-Apr-2022 16:39:04.341 INFO [main] org.apache.catalina.startup.VersionLoggerListener.log 명령 행 아규먼트:  --add-opens=java.base/java.util.concurrent=ALL-UNNAMED
27-Apr-2022 16:39:04.341 INFO [main] org.apache.catalina.startup.VersionLoggerListener.log 명령 행 아규먼트:  --add-opens=java.rmi/sun.rmi.transport=ALL-UNNAMED
27-Apr-2022 16:39:04.341 INFO [main] org.apache.catalina.startup.VersionLoggerListener.log 명령 행 아규먼트:  -Djava.util.logging.config.file=C:\Users\s_rudwhd515\OneDrive - konkuk.ac.kr\Desktop\KONKUK\Programming\Back-End\SpringStudy\NewLecture\tools\apache-tomcat-9.0.62\conf\logging.properties
27-Apr-2022 16:39:04.344 INFO [main] org.apache.catalina.startup.VersionLoggerListener.log 명령 행 아규먼트:  -Djava.util.logging.manager=org.apache.juli.ClassLoaderLogManager
27-Apr-2022 16:39:04.344 INFO [main] org.apache.catalina.startup.VersionLoggerListener.log 명령 행 아규먼트:  -Djdk.tls.ephemeralDHKeySize=2048
27-Apr-2022 16:39:04.344 INFO [main] org.apache.catalina.startup.VersionLoggerListener.log 명령 행 아규먼트:  -Djava.protocol.handler.pkgs=org.apache.catalina.webresources
27-Apr-2022 16:39:04.344 INFO [main] org.apache.catalina.startup.VersionLoggerListener.log 명령 행 아규먼트:  -Dignore.endorsed.dirs=
27-Apr-2022 16:39:04.344 INFO [main] org.apache.catalina.startup.VersionLoggerListener.log 명령 행 아규먼트:  -Dcatalina.base=C:\Users\s_rudwhd515\OneDrive - konkuk.ac.kr\Desktop\KONKUK\Programming\Back-End\SpringStudy\NewLecture\tools\apache-tomcat-9.0.62
27-Apr-2022 16:39:04.344 INFO [main] org.apache.catalina.startup.VersionLoggerListener.log 명령 행 아규먼트:  -Dcatalina.home=C:\Users\s_rudwhd515\OneDrive - konkuk.ac.kr\Desktop\KONKUK\Programming\Back-End\SpringStudy\NewLecture\tools\apache-tomcat-9.0.62
27-Apr-2022 16:39:04.344 INFO [main] org.apache.catalina.startup.VersionLoggerListener.log 명령 행 아규먼트:  -Djava.io.tmpdir=C:\Users\s_rudwhd515\OneDrive - konkuk.ac.kr\Desktop\KONKUK\Programming\Back-End\SpringStudy\NewLecture\tools\apache-tomcat-9.0.62\temp
27-Apr-2022 16:39:04.344 INFO [main] org.apache.catalina.core.AprLifecycleListener.lifecycleEvent APR 버전 [1.7.0]을(를) 사용한, APR 기반 Apache Tomcat Native 라이브러리 [1.2.32]을(를) 로드했습니다.
27-Apr-2022 16:39:04.344 INFO [main] org.apache.catalina.core.AprLifecycleListener.lifecycleEvent APR 용량정보들: IPv6 [true], sendfile [true], accept filters [false], random [true], UDS [true].
27-Apr-2022 16:39:04.344 INFO [main] org.apache.catalina.core.AprLifecycleListener.lifecycleEvent APR/OpenSSL 설정: useAprConnector [false], useOpenSSL [true]
27-Apr-2022 16:39:04.358 INFO [main] org.apache.catalina.core.AprLifecycleListener.initializeSSL OpenSSL이 성공적으로 초기화되었습니다: [OpenSSL 1.1.1n  15 Mar 2022]
27-Apr-2022 16:39:04.584 INFO [main] org.apache.coyote.AbstractProtocol.init 프로토콜 핸들러 ["http-nio-8080"]을(를) 초기화합니다.
27-Apr-2022 16:39:04.609 INFO [main] org.apache.catalina.startup.Catalina.load [467] 밀리초 내에 서버가 초기화되었습니다.
27-Apr-2022 16:39:04.678 INFO [main] org.apache.catalina.core.StandardService.startInternal 서비스 [Catalina]을(를) 시작합니다.
27-Apr-2022 16:39:04.678 INFO [main] org.apache.catalina.core.StandardEngine.startInternal 서버 엔진을 시작합니다: [Apache Tomcat/9.0.62]
27-Apr-2022 16:39:04.691 INFO [main] org.apache.catalina.startup.HostConfig.deployDirectory 웹 애플리케이션 디렉토리 [C:\Users\s_rudwhd515\OneDrive - konkuk.ac.kr\Desktop\KONKUK\Programming\Back-End\SpringStudy\NewLecture\tools\apache-tomcat-9.0.62\webapps\docs]을(를) 배치합니다.
27-Apr-2022 16:39:05.012 INFO [main] org.apache.catalina.startup.HostConfig.deployDirectory 웹 애플리케이션 디렉토리 [C:\Users\s_rudwhd515\OneDrive - konkuk.ac.kr\Desktop\KONKUK\Programming\Back-End\SpringStudy\NewLecture\tools\apache-tomcat-9.0.62\webapps\docs]에 대한 배치가 [314] 밀리초에 완료되었습니다.
27-Apr-2022 16:39:05.017 INFO [main] org.apache.catalina.startup.HostConfig.deployDirectory 웹 애플리케이션 디렉토리 [C:\Users\s_rudwhd515\OneDrive - konkuk.ac.kr\Desktop\KONKUK\Programming\Back-End\SpringStudy\NewLecture\tools\apache-tomcat-9.0.62\webapps\examples]을(를) 배치합니다.
27-Apr-2022 16:39:05.510 INFO [main] org.apache.catalina.startup.HostConfig.deployDirectory 웹 애플리케이션 디렉토리 [C:\Users\s_rudwhd515\OneDrive - konkuk.ac.kr\Desktop\KONKUK\Programming\Back-End\SpringStudy\NewLecture\tools\apache-tomcat-9.0.62\webapps\examples]에 대한 배치가 [493] 밀리초에 완료되었습니다.
27-Apr-2022 16:39:05.512 INFO [main] org.apache.catalina.startup.HostConfig.deployDirectory 웹 애플리케이션 디렉토리 [C:\Users\s_rudwhd515\OneDrive - konkuk.ac.kr\Desktop\KONKUK\Programming\Back-End\SpringStudy\NewLecture\tools\apache-tomcat-9.0.62\webapps\host-manager]을(를) 배치합니다.
27-Apr-2022 16:39:05.576 INFO [main] org.apache.catalina.startup.HostConfig.deployDirectory 웹 애플리케이션 디렉토리 [C:\Users\s_rudwhd515\OneDrive - konkuk.ac.kr\Desktop\KONKUK\Programming\Back-End\SpringStudy\NewLecture\tools\apache-tomcat-9.0.62\webapps\host-manager]에 대한 배치가 [64] 밀리초에 완료되었습니다.
27-Apr-2022 16:39:05.584 INFO [main] org.apache.catalina.startup.HostConfig.deployDirectory 웹 애플리케이션 디렉토리 [C:\Users\s_rudwhd515\OneDrive - konkuk.ac.kr\Desktop\KONKUK\Programming\Back-End\SpringStudy\NewLecture\tools\apache-tomcat-9.0.62\webapps\manager]을(를) 배치합니다.
27-Apr-2022 16:39:05.644 INFO [main] org.apache.catalina.startup.HostConfig.deployDirectory 웹 애플리케이션 디렉토리 [C:\Users\s_rudwhd515\OneDrive - konkuk.ac.kr\Desktop\KONKUK\Programming\Back-End\SpringStudy\NewLecture\tools\apache-tomcat-9.0.62\webapps\manager]에 대한 배치가 [68] 밀리초에 완료되었습니다.
27-Apr-2022 16:39:05.644 INFO [main] org.apache.catalina.startup.HostConfig.deployDirectory 웹 애플리케이션 디렉토리 [C:\Users\s_rudwhd515\OneDrive - konkuk.ac.kr\Desktop\KONKUK\Programming\Back-End\SpringStudy\NewLecture\tools\apache-tomcat-9.0.62\webapps\ROOT]을(를) 배치합니다.
27-Apr-2022 16:39:05.691 INFO [main] org.apache.catalina.startup.HostConfig.deployDirectory 웹 애플리케이션 디렉토리 [C:\Users\s_rudwhd515\OneDrive - konkuk.ac.kr\Desktop\KONKUK\Programming\Back-End\SpringStudy\NewLecture\tools\apache-tomcat-9.0.62\webapps\ROOT]에 대한 배치가 [47] 밀리초에 완료되었습니다.
27-Apr-2022 16:39:05.693 INFO [main] org.apache.coyote.AbstractProtocol.start 프로토콜 핸들러 ["http-nio-8080"]을(를) 시작합니다.
27-Apr-2022 16:39:05.740 INFO [main] org.apache.catalina.startup.Catalina.start 서버가 [1131] 밀리초 내에 시작되었습니다.
27-Apr-2022 16:57:46.941 INFO [main] org.apache.catalina.startup.VersionLoggerListener.log 서버 버전 이름:    Apache Tomcat/9.0.62
27-Apr-2022 16:57:46.950 INFO [main] org.apache.catalina.startup.VersionLoggerListener.log Server 빌드 시각:  Mar 31 2022 14:34:15 UTC
27-Apr-2022 16:57:46.950 INFO [main] org.apache.catalina.startup.VersionLoggerListener.log Server 버전 번호:  9.0.62.0
27-Apr-2022 16:57:46.950 INFO [main] org.apache.catalina.startup.VersionLoggerListener.log 운영체제 이름:     Windows 10
27-Apr-2022 16:57:46.950 INFO [main] org.apache.catalina.startup.VersionLoggerListener.log 운영체제 버전:     10.0
27-Apr-2022 16:57:46.951 INFO [main] org.apache.catalina.startup.VersionLoggerListener.log 아키텍처:          amd64
27-Apr-2022 16:57:46.951 INFO [main] org.apache.catalina.startup.VersionLoggerListener.log 자바 홈:           C:\Program Files\Java\jdk-17.0.1
27-Apr-2022 16:57:46.951 INFO [main] org.apache.catalina.startup.VersionLoggerListener.log JVM 버전:          17.0.1+12-LTS-39
27-Apr-2022 16:57:46.951 INFO [main] org.apache.catalina.startup.VersionLoggerListener.log JVM 벤더:          Oracle Corporation
27-Apr-2022 16:57:46.951 INFO [main] org.apache.catalina.startup.VersionLoggerListener.log CATALINA_BASE:     C:\Users\s_rudwhd515\OneDrive - konkuk.ac.kr\Desktop\KONKUK\Programming\Back-End\SpringStudy\NewLecture\tools\apache-tomcat-9.0.62
27-Apr-2022 16:57:46.952 INFO [main] org.apache.catalina.startup.VersionLoggerListener.log CATALINA_HOME:     C:\Users\s_rudwhd515\OneDrive - konkuk.ac.kr\Desktop\KONKUK\Programming\Back-End\SpringStudy\NewLecture\tools\apache-tomcat-9.0.62
27-Apr-2022 16:57:46.959 INFO [main] org.apache.catalina.startup.VersionLoggerListener.log 명령 행 아규먼트:  --add-opens=java.base/java.lang=ALL-UNNAMED
27-Apr-2022 16:57:46.959 INFO [main] org.apache.catalina.startup.VersionLoggerListener.log 명령 행 아규먼트:  --add-opens=java.base/java.io=ALL-UNNAMED
27-Apr-2022 16:57:46.959 INFO [main] org.apache.catalina.startup.VersionLoggerListener.log 명령 행 아규먼트:  --add-opens=java.base/java.util=ALL-UNNAMED
27-Apr-2022 16:57:46.959 INFO [main] org.apache.catalina.startup.VersionLoggerListener.log 명령 행 아규먼트:  --add-opens=java.base/java.util.concurrent=ALL-UNNAMED
27-Apr-2022 16:57:46.963 INFO [main] org.apache.catalina.startup.VersionLoggerListener.log 명령 행 아규먼트:  --add-opens=java.rmi/sun.rmi.transport=ALL-UNNAMED
27-Apr-2022 16:57:46.963 INFO [main] org.apache.catalina.startup.VersionLoggerListener.log 명령 행 아규먼트:  -Djava.util.logging.config.file=C:\Users\s_rudwhd515\OneDrive - konkuk.ac.kr\Desktop\KONKUK\Programming\Back-End\SpringStudy\NewLecture\tools\apache-tomcat-9.0.62\conf\logging.properties
27-Apr-2022 16:57:46.963 INFO [main] org.apache.catalina.startup.VersionLoggerListener.log 명령 행 아규먼트:  -Djava.util.logging.manager=org.apache.juli.ClassLoaderLogManager
27-Apr-2022 16:57:46.963 INFO [main] org.apache.catalina.startup.VersionLoggerListener.log 명령 행 아규먼트:  -Djdk.tls.ephemeralDHKeySize=2048
27-Apr-2022 16:57:46.963 INFO [main] org.apache.catalina.startup.VersionLoggerListener.log 명령 행 아규먼트:  -Djava.protocol.handler.pkgs=org.apache.catalina.webresources
27-Apr-2022 16:57:46.963 INFO [main] org.apache.catalina.startup.VersionLoggerListener.log 명령 행 아규먼트:  -Dignore.endorsed.dirs=
27-Apr-2022 16:57:46.963 INFO [main] org.apache.catalina.startup.VersionLoggerListener.log 명령 행 아규먼트:  -Dcatalina.base=C:\Users\s_rudwhd515\OneDrive - konkuk.ac.kr\Desktop\KONKUK\Programming\Back-End\SpringStudy\NewLecture\tools\apache-tomcat-9.0.62
27-Apr-2022 16:57:46.963 INFO [main] org.apache.catalina.startup.VersionLoggerListener.log 명령 행 아규먼트:  -Dcatalina.home=C:\Users\s_rudwhd515\OneDrive - konkuk.ac.kr\Desktop\KONKUK\Programming\Back-End\SpringStudy\NewLecture\tools\apache-tomcat-9.0.62
27-Apr-2022 16:57:46.963 INFO [main] org.apache.catalina.startup.VersionLoggerListener.log 명령 행 아규먼트:  -Djava.io.tmpdir=C:\Users\s_rudwhd515\OneDrive - konkuk.ac.kr\Desktop\KONKUK\Programming\Back-End\SpringStudy\NewLecture\tools\apache-tomcat-9.0.62\temp
27-Apr-2022 16:57:46.963 INFO [main] org.apache.catalina.core.AprLifecycleListener.lifecycleEvent APR 버전 [1.7.0]을(를) 사용한, APR 기반 Apache Tomcat Native 라이브러리 [1.2.32]을(를) 로드했습니다.
27-Apr-2022 16:57:46.963 INFO [main] org.apache.catalina.core.AprLifecycleListener.lifecycleEvent APR 용량정보들: IPv6 [true], sendfile [true], accept filters [false], random [true], UDS [true].
27-Apr-2022 16:57:46.963 INFO [main] org.apache.catalina.core.AprLifecycleListener.lifecycleEvent APR/OpenSSL 설정: useAprConnector [false], useOpenSSL [true]
27-Apr-2022 16:57:46.971 INFO [main] org.apache.catalina.core.AprLifecycleListener.initializeSSL OpenSSL이 성공적으로 초기화되었습니다: [OpenSSL 1.1.1n  15 Mar 2022]
27-Apr-2022 16:57:47.172 INFO [main] org.apache.coyote.AbstractProtocol.init 프로토콜 핸들러 ["http-nio-8080"]을(를) 초기화합니다.
27-Apr-2022 16:57:47.188 INFO [main] org.apache.catalina.startup.Catalina.load [396] 밀리초 내에 서버가 초기화되었습니다.
27-Apr-2022 16:57:47.226 INFO [main] org.apache.catalina.core.StandardService.startInternal 서비스 [Catalina]을(를) 시작합니다.
27-Apr-2022 16:57:47.226 INFO [main] org.apache.catalina.core.StandardEngine.startInternal 서버 엔진을 시작합니다: [Apache Tomcat/9.0.62]
27-Apr-2022 16:57:47.234 INFO [main] org.apache.catalina.startup.HostConfig.deployDirectory 웹 애플리케이션 디렉토리 [C:\Users\s_rudwhd515\OneDrive - konkuk.ac.kr\Desktop\KONKUK\Programming\Back-End\SpringStudy\NewLecture\tools\apache-tomcat-9.0.62\webapps\docs]을(를) 배치합니다.
27-Apr-2022 16:57:47.506 INFO [main] org.apache.catalina.startup.HostConfig.deployDirectory 웹 애플리케이션 디렉토리 [C:\Users\s_rudwhd515\OneDrive - konkuk.ac.kr\Desktop\KONKUK\Programming\Back-End\SpringStudy\NewLecture\tools\apache-tomcat-9.0.62\webapps\docs]에 대한 배치가 [263] 밀리초에 완료되었습니다.
27-Apr-2022 16:57:47.506 INFO [main] org.apache.catalina.startup.HostConfig.deployDirectory 웹 애플리케이션 디렉토리 [C:\Users\s_rudwhd515\OneDrive - konkuk.ac.kr\Desktop\KONKUK\Programming\Back-End\SpringStudy\NewLecture\tools\apache-tomcat-9.0.62\webapps\examples]을(를) 배치합니다.
27-Apr-2022 16:57:47.978 INFO [main] org.apache.catalina.startup.HostConfig.deployDirectory 웹 애플리케이션 디렉토리 [C:\Users\s_rudwhd515\OneDrive - konkuk.ac.kr\Desktop\KONKUK\Programming\Back-End\SpringStudy\NewLecture\tools\apache-tomcat-9.0.62\webapps\examples]에 대한 배치가 [472] 밀리초에 완료되었습니다.
27-Apr-2022 16:57:47.980 INFO [main] org.apache.catalina.startup.HostConfig.deployDirectory 웹 애플리케이션 디렉토리 [C:\Users\s_rudwhd515\OneDrive - konkuk.ac.kr\Desktop\KONKUK\Programming\Back-End\SpringStudy\NewLecture\tools\apache-tomcat-9.0.62\webapps\host-manager]을(를) 배치합니다.
27-Apr-2022 16:57:48.022 INFO [main] org.apache.catalina.startup.HostConfig.deployDirectory 웹 애플리케이션 디렉토리 [C:\Users\s_rudwhd515\OneDrive - konkuk.ac.kr\Desktop\KONKUK\Programming\Back-End\SpringStudy\NewLecture\tools\apache-tomcat-9.0.62\webapps\host-manager]에 대한 배치가 [43] 밀리초에 완료되었습니다.
27-Apr-2022 16:57:48.022 INFO [main] org.apache.catalina.startup.HostConfig.deployDirectory 웹 애플리케이션 디렉토리 [C:\Users\s_rudwhd515\OneDrive - konkuk.ac.kr\Desktop\KONKUK\Programming\Back-End\SpringStudy\NewLecture\tools\apache-tomcat-9.0.62\webapps\manager]을(를) 배치합니다.
27-Apr-2022 16:57:48.074 INFO [main] org.apache.catalina.startup.HostConfig.deployDirectory 웹 애플리케이션 디렉토리 [C:\Users\s_rudwhd515\OneDrive - konkuk.ac.kr\Desktop\KONKUK\Programming\Back-End\SpringStudy\NewLecture\tools\apache-tomcat-9.0.62\webapps\manager]에 대한 배치가 [52] 밀리초에 완료되었습니다.
27-Apr-2022 16:57:48.074 INFO [main] org.apache.catalina.startup.HostConfig.deployDirectory 웹 애플리케이션 디렉토리 [C:\Users\s_rudwhd515\OneDrive - konkuk.ac.kr\Desktop\KONKUK\Programming\Back-End\SpringStudy\NewLecture\tools\apache-tomcat-9.0.62\webapps\ROOT]을(를) 배치합니다.
27-Apr-2022 16:57:48.108 INFO [main] org.apache.catalina.startup.HostConfig.deployDirectory 웹 애플리케이션 디렉토리 [C:\Users\s_rudwhd515\OneDrive - konkuk.ac.kr\Desktop\KONKUK\Programming\Back-End\SpringStudy\NewLecture\tools\apache-tomcat-9.0.62\webapps\ROOT]에 대한 배치가 [34] 밀리초에 완료되었습니다.
27-Apr-2022 16:57:48.111 INFO [main] org.apache.coyote.AbstractProtocol.start 프로토콜 핸들러 ["http-nio-8080"]을(를) 시작합니다.
27-Apr-2022 16:57:48.147 INFO [main] org.apache.catalina.startup.Catalina.start 서버가 [952] 밀리초 내에 시작되었습니다.
27-Apr-2022 18:04:50.371 WARNING [main] org.apache.catalina.core.StandardContext.setPath 컨텍스트 경로는 반드시 빈 문자열이거나, 또는 '/'로 시작하고 '/'로 끝나지 않는 문자열이어야 합니다. 해당 경로 [company]은(는) 이 조건을 충족시키지 않아 [/company](으)로 변경되었습니다.
27-Apr-2022 18:04:50.387 INFO [main] org.apache.catalina.startup.VersionLoggerListener.log 서버 버전 이름:    Apache Tomcat/9.0.62
27-Apr-2022 18:04:50.393 INFO [main] org.apache.catalina.startup.VersionLoggerListener.log Server 빌드 시각:  Mar 31 2022 14:34:15 UTC
27-Apr-2022 18:04:50.393 INFO [main] org.apache.catalina.startup.VersionLoggerListener.log Server 버전 번호:  9.0.62.0
27-Apr-2022 18:04:50.393 INFO [main] org.apache.catalina.startup.VersionLoggerListener.log 운영체제 이름:     Windows 10
27-Apr-2022 18:04:50.393 INFO [main] org.apache.catalina.startup.VersionLoggerListener.log 운영체제 버전:     10.0
27-Apr-2022 18:04:50.393 INFO [main] org.apache.catalina.startup.VersionLoggerListener.log 아키텍처:          amd64
27-Apr-2022 18:04:50.393 INFO [main] org.apache.catalina.startup.VersionLoggerListener.log 자바 홈:           C:\Program Files\Java\jdk-17.0.1
27-Apr-2022 18:04:50.393 INFO [main] org.apache.catalina.startup.VersionLoggerListener.log JVM 버전:          17.0.1+12-LTS-39
27-Apr-2022 18:04:50.393 INFO [main] org.apache.catalina.startup.VersionLoggerListener.log JVM 벤더:          Oracle Corporation
27-Apr-2022 18:04:50.393 INFO [main] org.apache.catalina.startup.VersionLoggerListener.log CATALINA_BASE:     C:\Users\s_rudwhd515\OneDrive - konkuk.ac.kr\Desktop\KONKUK\Programming\Back-End\SpringStudy\NewLecture\tools\apache-tomcat-9.0.62
27-Apr-2022 18:04:50.393 INFO [main] org.apache.catalina.startup.VersionLoggerListener.log CATALINA_HOME:     C:\Users\s_rudwhd515\OneDrive - konkuk.ac.kr\Desktop\KONKUK\Programming\Back-End\SpringStudy\NewLecture\tools\apache-tomcat-9.0.62
27-Apr-2022 18:04:50.393 INFO [main] org.apache.catalina.startup.VersionLoggerListener.log 명령 행 아규먼트:  --add-opens=java.base/java.lang=ALL-UNNAMED
27-Apr-2022 18:04:50.393 INFO [main] org.apache.catalina.startup.VersionLoggerListener.log 명령 행 아규먼트:  --add-opens=java.base/java.io=ALL-UNNAMED
27-Apr-2022 18:04:50.393 INFO [main] org.apache.catalina.startup.VersionLoggerListener.log 명령 행 아규먼트:  --add-opens=java.base/java.util=ALL-UNNAMED
27-Apr-2022 18:04:50.397 INFO [main] org.apache.catalina.startup.VersionLoggerListener.log 명령 행 아규먼트:  --add-opens=java.base/java.util.concurrent=ALL-UNNAMED
27-Apr-2022 18:04:50.397 INFO [main] org.apache.catalina.startup.VersionLoggerListener.log 명령 행 아규먼트:  --add-opens=java.rmi/sun.rmi.transport=ALL-UNNAMED
27-Apr-2022 18:04:50.397 INFO [main] org.apache.catalina.startup.VersionLoggerListener.log 명령 행 아규먼트:  -Djava.util.logging.config.file=C:\Users\s_rudwhd515\OneDrive - konkuk.ac.kr\Desktop\KONKUK\Programming\Back-End\SpringStudy\NewLecture\tools\apache-tomcat-9.0.62\conf\logging.properties
27-Apr-2022 18:04:50.397 INFO [main] org.apache.catalina.startup.VersionLoggerListener.log 명령 행 아규먼트:  -Djava.util.logging.manager=org.apache.juli.ClassLoaderLogManager
27-Apr-2022 18:04:50.397 INFO [main] org.apache.catalina.startup.VersionLoggerListener.log 명령 행 아규먼트:  -Djdk.tls.ephemeralDHKeySize=2048
27-Apr-2022 18:04:50.397 INFO [main] org.apache.catalina.startup.VersionLoggerListener.log 명령 행 아규먼트:  -Djava.protocol.handler.pkgs=org.apache.catalina.webresources
27-Apr-2022 18:04:50.397 INFO [main] org.apache.catalina.startup.VersionLoggerListener.log 명령 행 아규먼트:  -Dignore.endorsed.dirs=
27-Apr-2022 18:04:50.397 INFO [main] org.apache.catalina.startup.VersionLoggerListener.log 명령 행 아규먼트:  -Dcatalina.base=C:\Users\s_rudwhd515\OneDrive - konkuk.ac.kr\Desktop\KONKUK\Programming\Back-End\SpringStudy\NewLecture\tools\apache-tomcat-9.0.62
27-Apr-2022 18:04:50.397 INFO [main] org.apache.catalina.startup.VersionLoggerListener.log 명령 행 아규먼트:  -Dcatalina.home=C:\Users\s_rudwhd515\OneDrive - konkuk.ac.kr\Desktop\KONKUK\Programming\Back-End\SpringStudy\NewLecture\tools\apache-tomcat-9.0.62
27-Apr-2022 18:04:50.397 INFO [main] org.apache.catalina.startup.VersionLoggerListener.log 명령 행 아규먼트:  -Djava.io.tmpdir=C:\Users\s_rudwhd515\OneDrive - konkuk.ac.kr\Desktop\KONKUK\Programming\Back-End\SpringStudy\NewLecture\tools\apache-tomcat-9.0.62\temp
27-Apr-2022 18:04:50.405 INFO [main] org.apache.catalina.core.AprLifecycleListener.lifecycleEvent APR 버전 [1.7.0]을(를) 사용한, APR 기반 Apache Tomcat Native 라이브러리 [1.2.32]을(를) 로드했습니다.
27-Apr-2022 18:04:50.405 INFO [main] org.apache.catalina.core.AprLifecycleListener.lifecycleEvent APR 용량정보들: IPv6 [true], sendfile [true], accept filters [false], random [true], UDS [true].
27-Apr-2022 18:04:50.407 INFO [main] org.apache.catalina.core.AprLifecycleListener.lifecycleEvent APR/OpenSSL 설정: useAprConnector [false], useOpenSSL [true]
27-Apr-2022 18:04:50.410 INFO [main] org.apache.catalina.core.AprLifecycleListener.initializeSSL OpenSSL이 성공적으로 초기화되었습니다: [OpenSSL 1.1.1n  15 Mar 2022]
27-Apr-2022 18:04:50.635 INFO [main] org.apache.coyote.AbstractProtocol.init 프로토콜 핸들러 ["http-nio-8080"]을(를) 초기화합니다.
27-Apr-2022 18:04:50.676 INFO [main] org.apache.catalina.startup.Catalina.load [474] 밀리초 내에 서버가 초기화되었습니다.
27-Apr-2022 18:04:50.727 INFO [main] org.apache.catalina.core.StandardService.startInternal 서비스 [Catalina]을(를) 시작합니다.
27-Apr-2022 18:04:50.730 INFO [main] org.apache.catalina.core.StandardEngine.startInternal 서버 엔진을 시작합니다: [Apache Tomcat/9.0.62]
27-Apr-2022 18:04:50.778 SEVERE [main] org.apache.catalina.core.ContainerBase.startInternal 자식 컨테이너를 시작 중 실패했습니다.
	java.util.concurrent.ExecutionException: org.apache.catalina.LifecycleException: 구성요소 [StandardEngine[Catalina].StandardHost[localhost].StandardContext[/company]]을(를) 시작하지 못했습니다.
		at java.base/java.util.concurrent.FutureTask.report(FutureTask.java:122)
		at java.base/java.util.concurrent.FutureTask.get(FutureTask.java:191)
		at org.apache.catalina.core.ContainerBase.startInternal(ContainerBase.java:926)
		at org.apache.catalina.core.StandardHost.startInternal(StandardHost.java:835)
		at org.apache.catalina.util.LifecycleBase.start(LifecycleBase.java:183)
		at org.apache.catalina.core.ContainerBase$StartChild.call(ContainerBase.java:1396)
		at org.apache.catalina.core.ContainerBase$StartChild.call(ContainerBase.java:1386)
		at java.base/java.util.concurrent.FutureTask.run(FutureTask.java:264)
		at org.apache.tomcat.util.threads.InlineExecutorService.execute(InlineExecutorService.java:75)
		at java.base/java.util.concurrent.AbstractExecutorService.submit(AbstractExecutorService.java:145)
		at org.apache.catalina.core.ContainerBase.startInternal(ContainerBase.java:919)
		at org.apache.catalina.core.StandardEngine.startInternal(StandardEngine.java:263)
		at org.apache.catalina.util.LifecycleBase.start(LifecycleBase.java:183)
		at org.apache.catalina.core.StandardService.startInternal(StandardService.java:432)
		at org.apache.catalina.util.LifecycleBase.start(LifecycleBase.java:183)
		at org.apache.catalina.core.StandardServer.startInternal(StandardServer.java:927)
		at org.apache.catalina.util.LifecycleBase.start(LifecycleBase.java:183)
		at org.apache.catalina.startup.Catalina.start(Catalina.java:772)
		at java.base/jdk.internal.reflect.NativeMethodAccessorImpl.invoke0(Native Method)
		at java.base/jdk.internal.reflect.NativeMethodAccessorImpl.invoke(NativeMethodAccessorImpl.java:77)
		at java.base/jdk.internal.reflect.DelegatingMethodAccessorImpl.invoke(DelegatingMethodAccessorImpl.java:43)
		at java.base/java.lang.reflect.Method.invoke(Method.java:568)
		at org.apache.catalina.startup.Bootstrap.start(Bootstrap.java:345)
		at org.apache.catalina.startup.Bootstrap.main(Bootstrap.java:476)
	Caused by: org.apache.catalina.LifecycleException: 구성요소 [StandardEngine[Catalina].StandardHost[localhost].StandardContext[/company]]을(를) 시작하지 못했습니다.
		at org.apache.catalina.util.LifecycleBase.handleSubClassException(LifecycleBase.java:440)
		at org.apache.catalina.util.LifecycleBase.start(LifecycleBase.java:198)
		at org.apache.catalina.core.ContainerBase$StartChild.call(ContainerBase.java:1396)
		at org.apache.catalina.core.ContainerBase$StartChild.call(ContainerBase.java:1386)
		at java.base/java.util.concurrent.FutureTask.run(FutureTask.java:264)
		at org.apache.tomcat.util.threads.InlineExecutorService.execute(InlineExecutorService.java:75)
		at java.base/java.util.concurrent.AbstractExecutorService.submit(AbstractExecutorService.java:145)
		at org.apache.catalina.core.ContainerBase.startInternal(ContainerBase.java:919)
		... 21 more
	Caused by: java.nio.file.InvalidPathException: Trailing char < > at index 99: C:\Users\s_rudwhd515\OneDrive - konkuk.ac.kr\Desktop\KONKUK\Programming\Back-End\SpringStudy        \NewLecture\tools\apache-tomcat-9.0.62\webapps\company
		at java.base/sun.nio.fs.WindowsPathParser.normalize(WindowsPathParser.java:172)
		at java.base/sun.nio.fs.WindowsPathParser.parse(WindowsPathParser.java:153)
		at java.base/sun.nio.fs.WindowsPathParser.parse(WindowsPathParser.java:77)
		at java.base/sun.nio.fs.WindowsPath.parse(WindowsPath.java:92)
		at java.base/sun.nio.fs.WindowsFileSystem.getPath(WindowsFileSystem.java:232)
		at java.base/java.io.File.toPath(File.java:2387)
		at org.apache.catalina.startup.ContextConfig.fixDocBase(ContextConfig.java:862)
		at org.apache.catalina.startup.ContextConfig.beforeStart(ContextConfig.java:959)
		at org.apache.catalina.startup.ContextConfig.lifecycleEvent(ContextConfig.java:305)
		at org.apache.catalina.util.LifecycleBase.fireLifecycleEvent(LifecycleBase.java:123)
		at org.apache.catalina.util.LifecycleBase.setStateInternal(LifecycleBase.java:423)
		at org.apache.catalina.util.LifecycleBase.start(LifecycleBase.java:182)
		... 27 more
27-Apr-2022 18:04:50.782 SEVERE [main] org.apache.catalina.core.ContainerBase.startInternal 자식 컨테이너를 시작 중 실패했습니다.
	java.util.concurrent.ExecutionException: org.apache.catalina.LifecycleException: 자식 컨테이너를 시작 중 실패했습니다.
		at java.base/java.util.concurrent.FutureTask.report(FutureTask.java:122)
		at java.base/java.util.concurrent.FutureTask.get(FutureTask.java:191)
		at org.apache.catalina.core.ContainerBase.startInternal(ContainerBase.java:926)
		at org.apache.catalina.core.StandardEngine.startInternal(StandardEngine.java:263)
		at org.apache.catalina.util.LifecycleBase.start(LifecycleBase.java:183)
		at org.apache.catalina.core.StandardService.startInternal(StandardService.java:432)
		at org.apache.catalina.util.LifecycleBase.start(LifecycleBase.java:183)
		at org.apache.catalina.core.StandardServer.startInternal(StandardServer.java:927)
		at org.apache.catalina.util.LifecycleBase.start(LifecycleBase.java:183)
		at org.apache.catalina.startup.Catalina.start(Catalina.java:772)
		at java.base/jdk.internal.reflect.NativeMethodAccessorImpl.invoke0(Native Method)
		at java.base/jdk.internal.reflect.NativeMethodAccessorImpl.invoke(NativeMethodAccessorImpl.java:77)
		at java.base/jdk.internal.reflect.DelegatingMethodAccessorImpl.invoke(DelegatingMethodAccessorImpl.java:43)
		at java.base/java.lang.reflect.Method.invoke(Method.java:568)
		at org.apache.catalina.startup.Bootstrap.start(Bootstrap.java:345)
		at org.apache.catalina.startup.Bootstrap.main(Bootstrap.java:476)
	Caused by: org.apache.catalina.LifecycleException: 자식 컨테이너를 시작 중 실패했습니다.
		at org.apache.catalina.core.ContainerBase.startInternal(ContainerBase.java:938)
		at org.apache.catalina.core.StandardHost.startInternal(StandardHost.java:835)
		at org.apache.catalina.util.LifecycleBase.start(LifecycleBase.java:183)
		at org.apache.catalina.core.ContainerBase$StartChild.call(ContainerBase.java:1396)
		at org.apache.catalina.core.ContainerBase$StartChild.call(ContainerBase.java:1386)
		at java.base/java.util.concurrent.FutureTask.run(FutureTask.java:264)
		at org.apache.tomcat.util.threads.InlineExecutorService.execute(InlineExecutorService.java:75)
		at java.base/java.util.concurrent.AbstractExecutorService.submit(AbstractExecutorService.java:145)
		at org.apache.catalina.core.ContainerBase.startInternal(ContainerBase.java:919)
		... 13 more
	Caused by: java.util.concurrent.ExecutionException: org.apache.catalina.LifecycleException: 구성요소 [StandardEngine[Catalina].StandardHost[localhost].StandardContext[/company]]을(를) 시작하지 못했습니다.
		at java.base/java.util.concurrent.FutureTask.report(FutureTask.java:122)
		at java.base/java.util.concurrent.FutureTask.get(FutureTask.java:191)
		at org.apache.catalina.core.ContainerBase.startInternal(ContainerBase.java:926)
		... 21 more
	Caused by: org.apache.catalina.LifecycleException: 구성요소 [StandardEngine[Catalina].StandardHost[localhost].StandardContext[/company]]을(를) 시작하지 못했습니다.
		at org.apache.catalina.util.LifecycleBase.handleSubClassException(LifecycleBase.java:440)
		at org.apache.catalina.util.LifecycleBase.start(LifecycleBase.java:198)
		at org.apache.catalina.core.ContainerBase$StartChild.call(ContainerBase.java:1396)
		at org.apache.catalina.core.ContainerBase$StartChild.call(ContainerBase.java:1386)
		at java.base/java.util.concurrent.FutureTask.run(FutureTask.java:264)
		at org.apache.tomcat.util.threads.InlineExecutorService.execute(InlineExecutorService.java:75)
		at java.base/java.util.concurrent.AbstractExecutorService.submit(AbstractExecutorService.java:145)
		at org.apache.catalina.core.ContainerBase.startInternal(ContainerBase.java:919)
		... 21 more
	Caused by: java.nio.file.InvalidPathException: Trailing char < > at index 99: C:\Users\s_rudwhd515\OneDrive - konkuk.ac.kr\Desktop\KONKUK\Programming\Back-End\SpringStudy        \NewLecture\tools\apache-tomcat-9.0.62\webapps\company
		at java.base/sun.nio.fs.WindowsPathParser.normalize(WindowsPathParser.java:172)
		at java.base/sun.nio.fs.WindowsPathParser.parse(WindowsPathParser.java:153)
		at java.base/sun.nio.fs.WindowsPathParser.parse(WindowsPathParser.java:77)
		at java.base/sun.nio.fs.WindowsPath.parse(WindowsPath.java:92)
		at java.base/sun.nio.fs.WindowsFileSystem.getPath(WindowsFileSystem.java:232)
		at java.base/java.io.File.toPath(File.java:2387)
		at org.apache.catalina.startup.ContextConfig.fixDocBase(ContextConfig.java:862)
		at org.apache.catalina.startup.ContextConfig.beforeStart(ContextConfig.java:959)
		at org.apache.catalina.startup.ContextConfig.lifecycleEvent(ContextConfig.java:305)
		at org.apache.catalina.util.LifecycleBase.fireLifecycleEvent(LifecycleBase.java:123)
		at org.apache.catalina.util.LifecycleBase.setStateInternal(LifecycleBase.java:423)
		at org.apache.catalina.util.LifecycleBase.start(LifecycleBase.java:182)
		... 27 more
27-Apr-2022 18:04:50.787 SEVERE [main] org.apache.catalina.startup.Catalina.start 필수 항목인 서버 구성요소가 제대로 시작되지 못하여, Tomcat이 시작될 수 없습니다.
	org.apache.catalina.LifecycleException: 자식 컨테이너를 시작 중 실패했습니다.
		at org.apache.catalina.core.ContainerBase.startInternal(ContainerBase.java:938)
		at org.apache.catalina.core.StandardEngine.startInternal(StandardEngine.java:263)
		at org.apache.catalina.util.LifecycleBase.start(LifecycleBase.java:183)
		at org.apache.catalina.core.StandardService.startInternal(StandardService.java:432)
		at org.apache.catalina.util.LifecycleBase.start(LifecycleBase.java:183)
		at org.apache.catalina.core.StandardServer.startInternal(StandardServer.java:927)
		at org.apache.catalina.util.LifecycleBase.start(LifecycleBase.java:183)
		at org.apache.catalina.startup.Catalina.start(Catalina.java:772)
		at java.base/jdk.internal.reflect.NativeMethodAccessorImpl.invoke0(Native Method)
		at java.base/jdk.internal.reflect.NativeMethodAccessorImpl.invoke(NativeMethodAccessorImpl.java:77)
		at java.base/jdk.internal.reflect.DelegatingMethodAccessorImpl.invoke(DelegatingMethodAccessorImpl.java:43)
		at java.base/java.lang.reflect.Method.invoke(Method.java:568)
		at org.apache.catalina.startup.Bootstrap.start(Bootstrap.java:345)
		at org.apache.catalina.startup.Bootstrap.main(Bootstrap.java:476)
	Caused by: java.util.concurrent.ExecutionException: org.apache.catalina.LifecycleException: 자식 컨테이너를 시작 중 실패했습니다.
		at java.base/java.util.concurrent.FutureTask.report(FutureTask.java:122)
		at java.base/java.util.concurrent.FutureTask.get(FutureTask.java:191)
		at org.apache.catalina.core.ContainerBase.startInternal(ContainerBase.java:926)
		... 13 more
	Caused by: org.apache.catalina.LifecycleException: 자식 컨테이너를 시작 중 실패했습니다.
		at org.apache.catalina.core.ContainerBase.startInternal(ContainerBase.java:938)
		at org.apache.catalina.core.StandardHost.startInternal(StandardHost.java:835)
		at org.apache.catalina.util.LifecycleBase.start(LifecycleBase.java:183)
		at org.apache.catalina.core.ContainerBase$StartChild.call(ContainerBase.java:1396)
		at org.apache.catalina.core.ContainerBase$StartChild.call(ContainerBase.java:1386)
		at java.base/java.util.concurrent.FutureTask.run(FutureTask.java:264)
		at org.apache.tomcat.util.threads.InlineExecutorService.execute(InlineExecutorService.java:75)
		at java.base/java.util.concurrent.AbstractExecutorService.submit(AbstractExecutorService.java:145)
		at org.apache.catalina.core.ContainerBase.startInternal(ContainerBase.java:919)
		... 13 more
	Caused by: java.util.concurrent.ExecutionException: org.apache.catalina.LifecycleException: 구성요소 [StandardEngine[Catalina].StandardHost[localhost].StandardContext[/company]]을(를) 시작하지 못했습니다.
		at java.base/java.util.concurrent.FutureTask.report(FutureTask.java:122)
		at java.base/java.util.concurrent.FutureTask.get(FutureTask.java:191)
		at org.apache.catalina.core.ContainerBase.startInternal(ContainerBase.java:926)
		... 21 more
	Caused by: org.apache.catalina.LifecycleException: 구성요소 [StandardEngine[Catalina].StandardHost[localhost].StandardContext[/company]]을(를) 시작하지 못했습니다.
		at org.apache.catalina.util.LifecycleBase.handleSubClassException(LifecycleBase.java:440)
		at org.apache.catalina.util.LifecycleBase.start(LifecycleBase.java:198)
		at org.apache.catalina.core.ContainerBase$StartChild.call(ContainerBase.java:1396)
		at org.apache.catalina.core.ContainerBase$StartChild.call(ContainerBase.java:1386)
		at java.base/java.util.concurrent.FutureTask.run(FutureTask.java:264)
		at org.apache.tomcat.util.threads.InlineExecutorService.execute(InlineExecutorService.java:75)
		at java.base/java.util.concurrent.AbstractExecutorService.submit(AbstractExecutorService.java:145)
		at org.apache.catalina.core.ContainerBase.startInternal(ContainerBase.java:919)
		... 21 more
	Caused by: java.nio.file.InvalidPathException: Trailing char < > at index 99: C:\Users\s_rudwhd515\OneDrive - konkuk.ac.kr\Desktop\KONKUK\Programming\Back-End\SpringStudy        \NewLecture\tools\apache-tomcat-9.0.62\webapps\company
		at java.base/sun.nio.fs.WindowsPathParser.normalize(WindowsPathParser.java:172)
		at java.base/sun.nio.fs.WindowsPathParser.parse(WindowsPathParser.java:153)
		at java.base/sun.nio.fs.WindowsPathParser.parse(WindowsPathParser.java:77)
		at java.base/sun.nio.fs.WindowsPath.parse(WindowsPath.java:92)
		at java.base/sun.nio.fs.WindowsFileSystem.getPath(WindowsFileSystem.java:232)
		at java.base/java.io.File.toPath(File.java:2387)
		at org.apache.catalina.startup.ContextConfig.fixDocBase(ContextConfig.java:862)
		at org.apache.catalina.startup.ContextConfig.beforeStart(ContextConfig.java:959)
		at org.apache.catalina.startup.ContextConfig.lifecycleEvent(ContextConfig.java:305)
		at org.apache.catalina.util.LifecycleBase.fireLifecycleEvent(LifecycleBase.java:123)
		at org.apache.catalina.util.LifecycleBase.setStateInternal(LifecycleBase.java:423)
		at org.apache.catalina.util.LifecycleBase.start(LifecycleBase.java:182)
		... 27 more
27-Apr-2022 18:04:50.787 INFO [main] org.apache.coyote.AbstractProtocol.pause 프로토콜 핸들러 ["http-nio-8080"]을(를) 일시 정지 중
27-Apr-2022 18:04:50.790 INFO [main] org.apache.catalina.core.StandardService.stopInternal 서비스 [Catalina]을(를) 중지시킵니다.
27-Apr-2022 18:04:50.794 INFO [main] org.apache.coyote.AbstractProtocol.destroy 프로토콜 핸들러 ["http-nio-8080"]을(를) 소멸시킵니다.
27-Apr-2022 18:07:43.684 WARNING [main] org.apache.catalina.core.StandardContext.setPath 컨텍스트 경로는 반드시 빈 문자열이거나, 또는 '/'로 시작하고 '/'로 끝나지 않는 문자열이어야 합니다. 해당 경로 [company]은(는) 이 조건을 충족시키지 않아 [/company](으)로 변경되었습니다.
27-Apr-2022 18:07:43.711 INFO [main] org.apache.catalina.startup.VersionLoggerListener.log 서버 버전 이름:    Apache Tomcat/9.0.62
27-Apr-2022 18:07:43.712 INFO [main] org.apache.catalina.startup.VersionLoggerListener.log Server 빌드 시각:  Mar 31 2022 14:34:15 UTC
27-Apr-2022 18:07:43.712 INFO [main] org.apache.catalina.startup.VersionLoggerListener.log Server 버전 번호:  9.0.62.0
27-Apr-2022 18:07:43.712 INFO [main] org.apache.catalina.startup.VersionLoggerListener.log 운영체제 이름:     Windows 10
27-Apr-2022 18:07:43.712 INFO [main] org.apache.catalina.startup.VersionLoggerListener.log 운영체제 버전:     10.0
27-Apr-2022 18:07:43.712 INFO [main] org.apache.catalina.startup.VersionLoggerListener.log 아키텍처:          amd64
27-Apr-2022 18:07:43.712 INFO [main] org.apache.catalina.startup.VersionLoggerListener.log 자바 홈:           C:\Program Files\Java\jdk-17.0.1
27-Apr-2022 18:07:43.712 INFO [main] org.apache.catalina.startup.VersionLoggerListener.log JVM 버전:          17.0.1+12-LTS-39
27-Apr-2022 18:07:43.712 INFO [main] org.apache.catalina.startup.VersionLoggerListener.log JVM 벤더:          Oracle Corporation
27-Apr-2022 18:07:43.712 INFO [main] org.apache.catalina.startup.VersionLoggerListener.log CATALINA_BASE:     C:\Users\s_rudwhd515\OneDrive - konkuk.ac.kr\Desktop\KONKUK\Programming\Back-End\SpringStudy\NewLecture\tools\apache-tomcat-9.0.62
27-Apr-2022 18:07:43.714 INFO [main] org.apache.catalina.startup.VersionLoggerListener.log CATALINA_HOME:     C:\Users\s_rudwhd515\OneDrive - konkuk.ac.kr\Desktop\KONKUK\Programming\Back-End\SpringStudy\NewLecture\tools\apache-tomcat-9.0.62
27-Apr-2022 18:07:43.715 INFO [main] org.apache.catalina.startup.VersionLoggerListener.log 명령 행 아규먼트:  --add-opens=java.base/java.lang=ALL-UNNAMED
27-Apr-2022 18:07:43.715 INFO [main] org.apache.catalina.startup.VersionLoggerListener.log 명령 행 아규먼트:  --add-opens=java.base/java.io=ALL-UNNAMED
27-Apr-2022 18:07:43.715 INFO [main] org.apache.catalina.startup.VersionLoggerListener.log 명령 행 아규먼트:  --add-opens=java.base/java.util=ALL-UNNAMED
27-Apr-2022 18:07:43.716 INFO [main] org.apache.catalina.startup.VersionLoggerListener.log 명령 행 아규먼트:  --add-opens=java.base/java.util.concurrent=ALL-UNNAMED
27-Apr-2022 18:07:43.717 INFO [main] org.apache.catalina.startup.VersionLoggerListener.log 명령 행 아규먼트:  --add-opens=java.rmi/sun.rmi.transport=ALL-UNNAMED
27-Apr-2022 18:07:43.717 INFO [main] org.apache.catalina.startup.VersionLoggerListener.log 명령 행 아규먼트:  -Djava.util.logging.config.file=C:\Users\s_rudwhd515\OneDrive - konkuk.ac.kr\Desktop\KONKUK\Programming\Back-End\SpringStudy\NewLecture\tools\apache-tomcat-9.0.62\conf\logging.properties
27-Apr-2022 18:07:43.718 INFO [main] org.apache.catalina.startup.VersionLoggerListener.log 명령 행 아규먼트:  -Djava.util.logging.manager=org.apache.juli.ClassLoaderLogManager
27-Apr-2022 18:07:43.719 INFO [main] org.apache.catalina.startup.VersionLoggerListener.log 명령 행 아규먼트:  -Djdk.tls.ephemeralDHKeySize=2048
27-Apr-2022 18:07:43.719 INFO [main] org.apache.catalina.startup.VersionLoggerListener.log 명령 행 아규먼트:  -Djava.protocol.handler.pkgs=org.apache.catalina.webresources
27-Apr-2022 18:07:43.719 INFO [main] org.apache.catalina.startup.VersionLoggerListener.log 명령 행 아규먼트:  -Dignore.endorsed.dirs=
27-Apr-2022 18:07:43.719 INFO [main] org.apache.catalina.startup.VersionLoggerListener.log 명령 행 아규먼트:  -Dcatalina.base=C:\Users\s_rudwhd515\OneDrive - konkuk.ac.kr\Desktop\KONKUK\Programming\Back-End\SpringStudy\NewLecture\tools\apache-tomcat-9.0.62
27-Apr-2022 18:07:43.719 INFO [main] org.apache.catalina.startup.VersionLoggerListener.log 명령 행 아규먼트:  -Dcatalina.home=C:\Users\s_rudwhd515\OneDrive - konkuk.ac.kr\Desktop\KONKUK\Programming\Back-End\SpringStudy\NewLecture\tools\apache-tomcat-9.0.62
27-Apr-2022 18:07:43.720 INFO [main] org.apache.catalina.startup.VersionLoggerListener.log 명령 행 아규먼트:  -Djava.io.tmpdir=C:\Users\s_rudwhd515\OneDrive - konkuk.ac.kr\Desktop\KONKUK\Programming\Back-End\SpringStudy\NewLecture\tools\apache-tomcat-9.0.62\temp
27-Apr-2022 18:07:43.725 INFO [main] org.apache.catalina.core.AprLifecycleListener.lifecycleEvent APR 버전 [1.7.0]을(를) 사용한, APR 기반 Apache Tomcat Native 라이브러리 [1.2.32]을(를) 로드했습니다.
27-Apr-2022 18:07:43.725 INFO [main] org.apache.catalina.core.AprLifecycleListener.lifecycleEvent APR 용량정보들: IPv6 [true], sendfile [true], accept filters [false], random [true], UDS [true].
27-Apr-2022 18:07:43.729 INFO [main] org.apache.catalina.core.AprLifecycleListener.lifecycleEvent APR/OpenSSL 설정: useAprConnector [false], useOpenSSL [true]
27-Apr-2022 18:07:43.729 INFO [main] org.apache.catalina.core.AprLifecycleListener.initializeSSL OpenSSL이 성공적으로 초기화되었습니다: [OpenSSL 1.1.1n  15 Mar 2022]
27-Apr-2022 18:07:43.919 INFO [main] org.apache.coyote.AbstractProtocol.init 프로토콜 핸들러 ["http-nio-8080"]을(를) 초기화합니다.
27-Apr-2022 18:07:43.946 INFO [main] org.apache.catalina.startup.Catalina.load [435] 밀리초 내에 서버가 초기화되었습니다.
27-Apr-2022 18:07:43.979 INFO [main] org.apache.catalina.core.StandardService.startInternal 서비스 [Catalina]을(를) 시작합니다.
27-Apr-2022 18:07:43.979 INFO [main] org.apache.catalina.core.StandardEngine.startInternal 서버 엔진을 시작합니다: [Apache Tomcat/9.0.62]
27-Apr-2022 18:07:44.244 INFO [main] org.apache.catalina.startup.HostConfig.deployDirectory 웹 애플리케이션 디렉토리 [C:\Users\s_rudwhd515\OneDrive - konkuk.ac.kr\Desktop\KONKUK\Programming\Back-End\SpringStudy\NewLecture\tools\apache-tomcat-9.0.62\webapps\docs]을(를) 배치합니다.
27-Apr-2022 18:07:44.277 INFO [main] org.apache.catalina.startup.HostConfig.deployDirectory 웹 애플리케이션 디렉토리 [C:\Users\s_rudwhd515\OneDrive - konkuk.ac.kr\Desktop\KONKUK\Programming\Back-End\SpringStudy\NewLecture\tools\apache-tomcat-9.0.62\webapps\docs]에 대한 배치가 [33] 밀리초에 완료되었습니다.
27-Apr-2022 18:07:44.283 INFO [main] org.apache.catalina.startup.HostConfig.deployDirectory 웹 애플리케이션 디렉토리 [C:\Users\s_rudwhd515\OneDrive - konkuk.ac.kr\Desktop\KONKUK\Programming\Back-End\SpringStudy\NewLecture\tools\apache-tomcat-9.0.62\webapps\examples]을(를) 배치합니다.
27-Apr-2022 18:07:44.719 INFO [main] org.apache.catalina.startup.HostConfig.deployDirectory 웹 애플리케이션 디렉토리 [C:\Users\s_rudwhd515\OneDrive - konkuk.ac.kr\Desktop\KONKUK\Programming\Back-End\SpringStudy\NewLecture\tools\apache-tomcat-9.0.62\webapps\examples]에 대한 배치가 [436] 밀리초에 완료되었습니다.
27-Apr-2022 18:07:44.719 INFO [main] org.apache.catalina.startup.HostConfig.deployDirectory 웹 애플리케이션 디렉토리 [C:\Users\s_rudwhd515\OneDrive - konkuk.ac.kr\Desktop\KONKUK\Programming\Back-End\SpringStudy\NewLecture\tools\apache-tomcat-9.0.62\webapps\host-manager]을(를) 배치합니다.
27-Apr-2022 18:07:44.773 INFO [main] org.apache.catalina.startup.HostConfig.deployDirectory 웹 애플리케이션 디렉토리 [C:\Users\s_rudwhd515\OneDrive - konkuk.ac.kr\Desktop\KONKUK\Programming\Back-End\SpringStudy\NewLecture\tools\apache-tomcat-9.0.62\webapps\host-manager]에 대한 배치가 [54] 밀리초에 완료되었습니다.
27-Apr-2022 18:07:44.773 INFO [main] org.apache.catalina.startup.HostConfig.deployDirectory 웹 애플리케이션 디렉토리 [C:\Users\s_rudwhd515\OneDrive - konkuk.ac.kr\Desktop\KONKUK\Programming\Back-End\SpringStudy\NewLecture\tools\apache-tomcat-9.0.62\webapps\manager]을(를) 배치합니다.
27-Apr-2022 18:07:44.827 INFO [main] org.apache.catalina.startup.HostConfig.deployDirectory 웹 애플리케이션 디렉토리 [C:\Users\s_rudwhd515\OneDrive - konkuk.ac.kr\Desktop\KONKUK\Programming\Back-End\SpringStudy\NewLecture\tools\apache-tomcat-9.0.62\webapps\manager]에 대한 배치가 [54] 밀리초에 완료되었습니다.
27-Apr-2022 18:07:44.836 INFO [main] org.apache.catalina.startup.HostConfig.deployDirectory 웹 애플리케이션 디렉토리 [C:\Users\s_rudwhd515\OneDrive - konkuk.ac.kr\Desktop\KONKUK\Programming\Back-End\SpringStudy\NewLecture\tools\apache-tomcat-9.0.62\webapps\ROOT]을(를) 배치합니다.
27-Apr-2022 18:07:44.873 INFO [main] org.apache.catalina.startup.HostConfig.deployDirectory 웹 애플리케이션 디렉토리 [C:\Users\s_rudwhd515\OneDrive - konkuk.ac.kr\Desktop\KONKUK\Programming\Back-End\SpringStudy\NewLecture\tools\apache-tomcat-9.0.62\webapps\ROOT]에 대한 배치가 [37] 밀리초에 완료되었습니다.
27-Apr-2022 18:07:44.879 INFO [main] org.apache.coyote.AbstractProtocol.start 프로토콜 핸들러 ["http-nio-8080"]을(를) 시작합니다.
27-Apr-2022 18:07:44.919 INFO [main] org.apache.catalina.startup.Catalina.start 서버가 [973] 밀리초 내에 시작되었습니다.
