15-Jan-2022 00:06:12.675 INFO [main] org.apache.catalina.startup.VersionLoggerListener.log 서버 버전 이름:    Apache Tomcat/9.0.56
15-Jan-2022 00:06:12.682 INFO [main] org.apache.catalina.startup.VersionLoggerListener.log Server 빌드 시각:  Dec 2 2021 14:30:07 UTC
15-Jan-2022 00:06:12.682 INFO [main] org.apache.catalina.startup.VersionLoggerListener.log Server 버전 번호:  9.0.56.0
15-Jan-2022 00:06:12.682 INFO [main] org.apache.catalina.startup.VersionLoggerListener.log 운영체제 이름:     Windows 10
15-Jan-2022 00:06:12.684 INFO [main] org.apache.catalina.startup.VersionLoggerListener.log 운영체제 버전:     10.0
15-Jan-2022 00:06:12.684 INFO [main] org.apache.catalina.startup.VersionLoggerListener.log 아키텍처:          amd64
15-Jan-2022 00:06:12.684 INFO [main] org.apache.catalina.startup.VersionLoggerListener.log 자바 홈:           C:\Program Files\Java\jdk-17.0.1
15-Jan-2022 00:06:12.684 INFO [main] org.apache.catalina.startup.VersionLoggerListener.log JVM 버전:          17.0.1+12-LTS-39
15-Jan-2022 00:06:12.684 INFO [main] org.apache.catalina.startup.VersionLoggerListener.log JVM 벤더:          Oracle Corporation
15-Jan-2022 00:06:12.684 INFO [main] org.apache.catalina.startup.VersionLoggerListener.log CATALINA_BASE:     C:\Users\s_rudwhd515\OneDrive - konkuk.ac.kr\Desktop\KONKUK\Programming\Back-End\NewLecture\tools\apache-tomcat-9.0.56
15-Jan-2022 00:06:12.684 INFO [main] org.apache.catalina.startup.VersionLoggerListener.log CATALINA_HOME:     C:\Users\s_rudwhd515\OneDrive - konkuk.ac.kr\Desktop\KONKUK\Programming\Back-End\NewLecture\tools\apache-tomcat-9.0.56
15-Jan-2022 00:06:12.694 INFO [main] org.apache.catalina.startup.VersionLoggerListener.log 명령 행 아규먼트:  --add-opens=java.base/java.lang=ALL-UNNAMED
15-Jan-2022 00:06:12.694 INFO [main] org.apache.catalina.startup.VersionLoggerListener.log 명령 행 아규먼트:  --add-opens=java.base/java.io=ALL-UNNAMED
15-Jan-2022 00:06:12.694 INFO [main] org.apache.catalina.startup.VersionLoggerListener.log 명령 행 아규먼트:  --add-opens=java.base/java.util=ALL-UNNAMED
15-Jan-2022 00:06:12.694 INFO [main] org.apache.catalina.startup.VersionLoggerListener.log 명령 행 아규먼트:  --add-opens=java.base/java.util.concurrent=ALL-UNNAMED
15-Jan-2022 00:06:12.694 INFO [main] org.apache.catalina.startup.VersionLoggerListener.log 명령 행 아규먼트:  --add-opens=java.rmi/sun.rmi.transport=ALL-UNNAMED
15-Jan-2022 00:06:12.694 INFO [main] org.apache.catalina.startup.VersionLoggerListener.log 명령 행 아규먼트:  -Djava.util.logging.config.file=C:\Users\s_rudwhd515\OneDrive - konkuk.ac.kr\Desktop\KONKUK\Programming\Back-End\NewLecture\tools\apache-tomcat-9.0.56\conf\logging.properties
15-Jan-2022 00:06:12.694 INFO [main] org.apache.catalina.startup.VersionLoggerListener.log 명령 행 아규먼트:  -Djava.util.logging.manager=org.apache.juli.ClassLoaderLogManager
15-Jan-2022 00:06:12.694 INFO [main] org.apache.catalina.startup.VersionLoggerListener.log 명령 행 아규먼트:  -Djdk.tls.ephemeralDHKeySize=2048
15-Jan-2022 00:06:12.694 INFO [main] org.apache.catalina.startup.VersionLoggerListener.log 명령 행 아규먼트:  -Djava.protocol.handler.pkgs=org.apache.catalina.webresources
15-Jan-2022 00:06:12.694 INFO [main] org.apache.catalina.startup.VersionLoggerListener.log 명령 행 아규먼트:  -Dignore.endorsed.dirs=
15-Jan-2022 00:06:12.694 INFO [main] org.apache.catalina.startup.VersionLoggerListener.log 명령 행 아규먼트:  -Dcatalina.base=C:\Users\s_rudwhd515\OneDrive - konkuk.ac.kr\Desktop\KONKUK\Programming\Back-End\NewLecture\tools\apache-tomcat-9.0.56
15-Jan-2022 00:06:12.694 INFO [main] org.apache.catalina.startup.VersionLoggerListener.log 명령 행 아규먼트:  -Dcatalina.home=C:\Users\s_rudwhd515\OneDrive - konkuk.ac.kr\Desktop\KONKUK\Programming\Back-End\NewLecture\tools\apache-tomcat-9.0.56
15-Jan-2022 00:06:12.694 INFO [main] org.apache.catalina.startup.VersionLoggerListener.log 명령 행 아규먼트:  -Djava.io.tmpdir=C:\Users\s_rudwhd515\OneDrive - konkuk.ac.kr\Desktop\KONKUK\Programming\Back-End\NewLecture\tools\apache-tomcat-9.0.56\temp
15-Jan-2022 00:06:12.703 INFO [main] org.apache.catalina.core.AprLifecycleListener.lifecycleEvent APR 버전 [1.7.0]을(를) 사용한, APR 기반 Apache Tomcat Native 라이브러리 [1.2.31]을(를) 로드했습니다.
15-Jan-2022 00:06:12.703 INFO [main] org.apache.catalina.core.AprLifecycleListener.lifecycleEvent APR 용량정보들: IPv6 [true], sendfile [true], accept filters [false], random [true], UDS [true].
15-Jan-2022 00:06:12.703 INFO [main] org.apache.catalina.core.AprLifecycleListener.lifecycleEvent APR/OpenSSL 설정: useAprConnector [false], useOpenSSL [true]
15-Jan-2022 00:06:12.709 INFO [main] org.apache.catalina.core.AprLifecycleListener.initializeSSL OpenSSL이 성공적으로 초기화되었습니다: [OpenSSL 1.1.1l  24 Aug 2021]
15-Jan-2022 00:06:12.932 INFO [main] org.apache.coyote.AbstractProtocol.init 프로토콜 핸들러 ["http-nio-8080"]을(를) 초기화합니다.
15-Jan-2022 00:06:12.961 INFO [main] org.apache.catalina.startup.Catalina.load [463] 밀리초 내에 서버가 초기화되었습니다.
15-Jan-2022 00:06:12.992 INFO [main] org.apache.catalina.core.StandardService.startInternal 서비스 [Catalina]을(를) 시작합니다.
15-Jan-2022 00:06:12.992 INFO [main] org.apache.catalina.core.StandardEngine.startInternal 서버 엔진을 시작합니다: [Apache Tomcat/9.0.56]
15-Jan-2022 00:06:13.000 INFO [main] org.apache.catalina.startup.HostConfig.deployDirectory 웹 애플리케이션 디렉토리 [C:\Users\s_rudwhd515\OneDrive - konkuk.ac.kr\Desktop\KONKUK\Programming\Back-End\NewLecture\tools\apache-tomcat-9.0.56\webapps\docs]을(를) 배치합니다.
15-Jan-2022 00:06:13.270 INFO [main] org.apache.catalina.startup.HostConfig.deployDirectory 웹 애플리케이션 디렉토리 [C:\Users\s_rudwhd515\OneDrive - konkuk.ac.kr\Desktop\KONKUK\Programming\Back-End\NewLecture\tools\apache-tomcat-9.0.56\webapps\docs]에 대한 배치가 [264] 밀리초에 완료되었습니다.
15-Jan-2022 00:06:13.272 INFO [main] org.apache.catalina.startup.HostConfig.deployDirectory 웹 애플리케이션 디렉토리 [C:\Users\s_rudwhd515\OneDrive - konkuk.ac.kr\Desktop\KONKUK\Programming\Back-End\NewLecture\tools\apache-tomcat-9.0.56\webapps\examples]을(를) 배치합니다.
15-Jan-2022 00:06:13.822 INFO [main] org.apache.catalina.startup.HostConfig.deployDirectory 웹 애플리케이션 디렉토리 [C:\Users\s_rudwhd515\OneDrive - konkuk.ac.kr\Desktop\KONKUK\Programming\Back-End\NewLecture\tools\apache-tomcat-9.0.56\webapps\examples]에 대한 배치가 [550] 밀리초에 완료되었습니다.
15-Jan-2022 00:06:13.822 INFO [main] org.apache.catalina.startup.HostConfig.deployDirectory 웹 애플리케이션 디렉토리 [C:\Users\s_rudwhd515\OneDrive - konkuk.ac.kr\Desktop\KONKUK\Programming\Back-End\NewLecture\tools\apache-tomcat-9.0.56\webapps\host-manager]을(를) 배치합니다.
15-Jan-2022 00:06:13.884 INFO [main] org.apache.catalina.startup.HostConfig.deployDirectory 웹 애플리케이션 디렉토리 [C:\Users\s_rudwhd515\OneDrive - konkuk.ac.kr\Desktop\KONKUK\Programming\Back-End\NewLecture\tools\apache-tomcat-9.0.56\webapps\host-manager]에 대한 배치가 [62] 밀리초에 완료되었습니다.
15-Jan-2022 00:06:13.892 INFO [main] org.apache.catalina.startup.HostConfig.deployDirectory 웹 애플리케이션 디렉토리 [C:\Users\s_rudwhd515\OneDrive - konkuk.ac.kr\Desktop\KONKUK\Programming\Back-End\NewLecture\tools\apache-tomcat-9.0.56\webapps\manager]을(를) 배치합니다.
15-Jan-2022 00:06:13.952 INFO [main] org.apache.catalina.startup.HostConfig.deployDirectory 웹 애플리케이션 디렉토리 [C:\Users\s_rudwhd515\OneDrive - konkuk.ac.kr\Desktop\KONKUK\Programming\Back-End\NewLecture\tools\apache-tomcat-9.0.56\webapps\manager]에 대한 배치가 [60] 밀리초에 완료되었습니다.
15-Jan-2022 00:06:13.957 INFO [main] org.apache.catalina.startup.HostConfig.deployDirectory 웹 애플리케이션 디렉토리 [C:\Users\s_rudwhd515\OneDrive - konkuk.ac.kr\Desktop\KONKUK\Programming\Back-End\NewLecture\tools\apache-tomcat-9.0.56\webapps\ROOT]을(를) 배치합니다.
15-Jan-2022 00:06:13.995 INFO [main] org.apache.catalina.startup.HostConfig.deployDirectory 웹 애플리케이션 디렉토리 [C:\Users\s_rudwhd515\OneDrive - konkuk.ac.kr\Desktop\KONKUK\Programming\Back-End\NewLecture\tools\apache-tomcat-9.0.56\webapps\ROOT]에 대한 배치가 [38] 밀리초에 완료되었습니다.
15-Jan-2022 00:06:14.004 INFO [main] org.apache.coyote.AbstractProtocol.start 프로토콜 핸들러 ["http-nio-8080"]을(를) 시작합니다.
15-Jan-2022 00:06:14.062 INFO [main] org.apache.catalina.startup.Catalina.start 서버가 [1106] 밀리초 내에 시작되었습니다.
15-Jan-2022 00:15:04.717 INFO [Catalina-utility-1] org.apache.catalina.startup.HostConfig.deployDirectory 웹 애플리케이션 디렉토리 [C:\Users\s_rudwhd515\OneDrive - konkuk.ac.kr\Desktop\KONKUK\Programming\Back-End\NewLecture\tools\apache-tomcat-9.0.56\webapps\it]을(를) 배치합니다.
15-Jan-2022 00:15:04.855 INFO [Catalina-utility-1] org.apache.catalina.startup.HostConfig.deployDirectory 웹 애플리케이션 디렉토리 [C:\Users\s_rudwhd515\OneDrive - konkuk.ac.kr\Desktop\KONKUK\Programming\Back-End\NewLecture\tools\apache-tomcat-9.0.56\webapps\it]에 대한 배치가 [138] 밀리초에 완료되었습니다.
15-Jan-2022 00:15:15.395 INFO [Catalina-utility-1] org.apache.catalina.startup.HostConfig.undeploy 컨텍스트 [/it]의 배치를 제거합니다.
15-Jan-2022 00:15:15.475 INFO [Catalina-utility-1] org.apache.catalina.startup.HostConfig.deployDirectory 웹 애플리케이션 디렉토리 [C:\Users\s_rudwhd515\OneDrive - konkuk.ac.kr\Desktop\KONKUK\Programming\Back-End\NewLecture\tools\apache-tomcat-9.0.56\webapps\ITWeb]을(를) 배치합니다.
15-Jan-2022 00:15:15.616 INFO [Catalina-utility-1] org.apache.catalina.startup.HostConfig.deployDirectory 웹 애플리케이션 디렉토리 [C:\Users\s_rudwhd515\OneDrive - konkuk.ac.kr\Desktop\KONKUK\Programming\Back-End\NewLecture\tools\apache-tomcat-9.0.56\webapps\ITWeb]에 대한 배치가 [141] 밀리초에 완료되었습니다.
15-Jan-2022 00:21:04.266 SEVERE [main] org.apache.tomcat.util.digester.Digester.fatalError [155] 행 [14} 열에서 심각한 파싱 오류 발생
	org.xml.sax.SAXParseException; systemId: file:/C:/Users/s_rudwhd515/OneDrive%20-%20konkuk.ac.kr/Desktop/KONKUK/Programming/Back-End/NewLecture/tools/apache-tomcat-9.0.56/conf/server.xml; lineNumber: 155; columnNumber: 14; Open quote is expected for attribute "privileged" associated with an  element type  "context".
		at java.xml/com.sun.org.apache.xerces.internal.util.ErrorHandlerWrapper.createSAXParseException(ErrorHandlerWrapper.java:204)
		at java.xml/com.sun.org.apache.xerces.internal.util.ErrorHandlerWrapper.fatalError(ErrorHandlerWrapper.java:178)
		at java.xml/com.sun.org.apache.xerces.internal.impl.XMLErrorReporter.reportError(XMLErrorReporter.java:400)
		at java.xml/com.sun.org.apache.xerces.internal.impl.XMLErrorReporter.reportError(XMLErrorReporter.java:327)
		at java.xml/com.sun.org.apache.xerces.internal.impl.XMLScanner.reportFatalError(XMLScanner.java:1471)
		at java.xml/com.sun.org.apache.xerces.internal.impl.XMLScanner.scanAttributeValue(XMLScanner.java:851)
		at java.xml/com.sun.org.apache.xerces.internal.impl.XMLDocumentFragmentScannerImpl.scanAttribute(XMLDocumentFragmentScannerImpl.java:1522)
		at java.xml/com.sun.org.apache.xerces.internal.impl.XMLDocumentFragmentScannerImpl.scanStartElement(XMLDocumentFragmentScannerImpl.java:1363)
		at java.xml/com.sun.org.apache.xerces.internal.impl.XMLDocumentFragmentScannerImpl$FragmentContentDriver.next(XMLDocumentFragmentScannerImpl.java:2726)
		at java.xml/com.sun.org.apache.xerces.internal.impl.XMLDocumentScannerImpl.next(XMLDocumentScannerImpl.java:605)
		at java.xml/com.sun.org.apache.xerces.internal.impl.XMLDocumentFragmentScannerImpl.scanDocument(XMLDocumentFragmentScannerImpl.java:542)
		at java.xml/com.sun.org.apache.xerces.internal.parsers.XML11Configuration.parse(XML11Configuration.java:889)
		at java.xml/com.sun.org.apache.xerces.internal.parsers.XML11Configuration.parse(XML11Configuration.java:825)
		at java.xml/com.sun.org.apache.xerces.internal.parsers.XMLParser.parse(XMLParser.java:141)
		at java.xml/com.sun.org.apache.xerces.internal.parsers.AbstractSAXParser.parse(AbstractSAXParser.java:1224)
		at java.xml/com.sun.org.apache.xerces.internal.jaxp.SAXParserImpl$JAXPSAXParser.parse(SAXParserImpl.java:637)
		at org.apache.tomcat.util.digester.Digester.parse(Digester.java:1535)
		at org.apache.catalina.startup.Catalina.parseServerXml(Catalina.java:617)
		at org.apache.catalina.startup.Catalina.load(Catalina.java:709)
		at org.apache.catalina.startup.Catalina.load(Catalina.java:746)
		at java.base/jdk.internal.reflect.NativeMethodAccessorImpl.invoke0(Native Method)
		at java.base/jdk.internal.reflect.NativeMethodAccessorImpl.invoke(NativeMethodAccessorImpl.java:77)
		at java.base/jdk.internal.reflect.DelegatingMethodAccessorImpl.invoke(DelegatingMethodAccessorImpl.java:43)
		at java.base/java.lang.reflect.Method.invoke(Method.java:568)
		at org.apache.catalina.startup.Bootstrap.load(Bootstrap.java:305)
		at org.apache.catalina.startup.Bootstrap.main(Bootstrap.java:475)
15-Jan-2022 00:21:14.146 SEVERE [main] org.apache.tomcat.util.digester.Digester.fatalError [155] 행 [14} 열에서 심각한 파싱 오류 발생
	org.xml.sax.SAXParseException; systemId: file:/C:/Users/s_rudwhd515/OneDrive%20-%20konkuk.ac.kr/Desktop/KONKUK/Programming/Back-End/NewLecture/tools/apache-tomcat-9.0.56/conf/server.xml; lineNumber: 155; columnNumber: 14; Open quote is expected for attribute "privileged" associated with an  element type  "context".
		at java.xml/com.sun.org.apache.xerces.internal.util.ErrorHandlerWrapper.createSAXParseException(ErrorHandlerWrapper.java:204)
		at java.xml/com.sun.org.apache.xerces.internal.util.ErrorHandlerWrapper.fatalError(ErrorHandlerWrapper.java:178)
		at java.xml/com.sun.org.apache.xerces.internal.impl.XMLErrorReporter.reportError(XMLErrorReporter.java:400)
		at java.xml/com.sun.org.apache.xerces.internal.impl.XMLErrorReporter.reportError(XMLErrorReporter.java:327)
		at java.xml/com.sun.org.apache.xerces.internal.impl.XMLScanner.reportFatalError(XMLScanner.java:1471)
		at java.xml/com.sun.org.apache.xerces.internal.impl.XMLScanner.scanAttributeValue(XMLScanner.java:851)
		at java.xml/com.sun.org.apache.xerces.internal.impl.XMLDocumentFragmentScannerImpl.scanAttribute(XMLDocumentFragmentScannerImpl.java:1522)
		at java.xml/com.sun.org.apache.xerces.internal.impl.XMLDocumentFragmentScannerImpl.scanStartElement(XMLDocumentFragmentScannerImpl.java:1363)
		at java.xml/com.sun.org.apache.xerces.internal.impl.XMLDocumentFragmentScannerImpl$FragmentContentDriver.next(XMLDocumentFragmentScannerImpl.java:2726)
		at java.xml/com.sun.org.apache.xerces.internal.impl.XMLDocumentScannerImpl.next(XMLDocumentScannerImpl.java:605)
		at java.xml/com.sun.org.apache.xerces.internal.impl.XMLDocumentFragmentScannerImpl.scanDocument(XMLDocumentFragmentScannerImpl.java:542)
		at java.xml/com.sun.org.apache.xerces.internal.parsers.XML11Configuration.parse(XML11Configuration.java:889)
		at java.xml/com.sun.org.apache.xerces.internal.parsers.XML11Configuration.parse(XML11Configuration.java:825)
		at java.xml/com.sun.org.apache.xerces.internal.parsers.XMLParser.parse(XMLParser.java:141)
		at java.xml/com.sun.org.apache.xerces.internal.parsers.AbstractSAXParser.parse(AbstractSAXParser.java:1224)
		at java.xml/com.sun.org.apache.xerces.internal.jaxp.SAXParserImpl$JAXPSAXParser.parse(SAXParserImpl.java:637)
		at org.apache.tomcat.util.digester.Digester.parse(Digester.java:1535)
		at org.apache.catalina.startup.Catalina.parseServerXml(Catalina.java:617)
		at org.apache.catalina.startup.Catalina.load(Catalina.java:709)
		at org.apache.catalina.startup.Catalina.load(Catalina.java:746)
		at java.base/jdk.internal.reflect.NativeMethodAccessorImpl.invoke0(Native Method)
		at java.base/jdk.internal.reflect.NativeMethodAccessorImpl.invoke(NativeMethodAccessorImpl.java:77)
		at java.base/jdk.internal.reflect.DelegatingMethodAccessorImpl.invoke(DelegatingMethodAccessorImpl.java:43)
		at java.base/java.lang.reflect.Method.invoke(Method.java:568)
		at org.apache.catalina.startup.Bootstrap.load(Bootstrap.java:305)
		at org.apache.catalina.startup.Bootstrap.main(Bootstrap.java:475)
15-Jan-2022 00:21:29.203 SEVERE [main] org.apache.tomcat.util.digester.Digester.fatalError [155] 행 [14} 열에서 심각한 파싱 오류 발생
	org.xml.sax.SAXParseException; systemId: file:/C:/Users/s_rudwhd515/OneDrive%20-%20konkuk.ac.kr/Desktop/KONKUK/Programming/Back-End/NewLecture/tools/apache-tomcat-9.0.56/conf/server.xml; lineNumber: 155; columnNumber: 14; Open quote is expected for attribute "privileged" associated with an  element type  "context".
		at java.xml/com.sun.org.apache.xerces.internal.util.ErrorHandlerWrapper.createSAXParseException(ErrorHandlerWrapper.java:204)
		at java.xml/com.sun.org.apache.xerces.internal.util.ErrorHandlerWrapper.fatalError(ErrorHandlerWrapper.java:178)
		at java.xml/com.sun.org.apache.xerces.internal.impl.XMLErrorReporter.reportError(XMLErrorReporter.java:400)
		at java.xml/com.sun.org.apache.xerces.internal.impl.XMLErrorReporter.reportError(XMLErrorReporter.java:327)
		at java.xml/com.sun.org.apache.xerces.internal.impl.XMLScanner.reportFatalError(XMLScanner.java:1471)
		at java.xml/com.sun.org.apache.xerces.internal.impl.XMLScanner.scanAttributeValue(XMLScanner.java:851)
		at java.xml/com.sun.org.apache.xerces.internal.impl.XMLDocumentFragmentScannerImpl.scanAttribute(XMLDocumentFragmentScannerImpl.java:1522)
		at java.xml/com.sun.org.apache.xerces.internal.impl.XMLDocumentFragmentScannerImpl.scanStartElement(XMLDocumentFragmentScannerImpl.java:1363)
		at java.xml/com.sun.org.apache.xerces.internal.impl.XMLDocumentFragmentScannerImpl$FragmentContentDriver.next(XMLDocumentFragmentScannerImpl.java:2726)
		at java.xml/com.sun.org.apache.xerces.internal.impl.XMLDocumentScannerImpl.next(XMLDocumentScannerImpl.java:605)
		at java.xml/com.sun.org.apache.xerces.internal.impl.XMLDocumentFragmentScannerImpl.scanDocument(XMLDocumentFragmentScannerImpl.java:542)
		at java.xml/com.sun.org.apache.xerces.internal.parsers.XML11Configuration.parse(XML11Configuration.java:889)
		at java.xml/com.sun.org.apache.xerces.internal.parsers.XML11Configuration.parse(XML11Configuration.java:825)
		at java.xml/com.sun.org.apache.xerces.internal.parsers.XMLParser.parse(XMLParser.java:141)
		at java.xml/com.sun.org.apache.xerces.internal.parsers.AbstractSAXParser.parse(AbstractSAXParser.java:1224)
		at java.xml/com.sun.org.apache.xerces.internal.jaxp.SAXParserImpl$JAXPSAXParser.parse(SAXParserImpl.java:637)
		at org.apache.tomcat.util.digester.Digester.parse(Digester.java:1535)
		at org.apache.catalina.startup.Catalina.parseServerXml(Catalina.java:617)
		at org.apache.catalina.startup.Catalina.load(Catalina.java:709)
		at org.apache.catalina.startup.Catalina.load(Catalina.java:746)
		at java.base/jdk.internal.reflect.NativeMethodAccessorImpl.invoke0(Native Method)
		at java.base/jdk.internal.reflect.NativeMethodAccessorImpl.invoke(NativeMethodAccessorImpl.java:77)
		at java.base/jdk.internal.reflect.DelegatingMethodAccessorImpl.invoke(DelegatingMethodAccessorImpl.java:43)
		at java.base/java.lang.reflect.Method.invoke(Method.java:568)
		at org.apache.catalina.startup.Bootstrap.load(Bootstrap.java:305)
		at org.apache.catalina.startup.Bootstrap.main(Bootstrap.java:475)
15-Jan-2022 00:22:58.342 SEVERE [main] org.apache.tomcat.util.digester.Digester.fatalError [155] 행 [14} 열에서 심각한 파싱 오류 발생
	org.xml.sax.SAXParseException; systemId: file:/C:/Users/s_rudwhd515/OneDrive%20-%20konkuk.ac.kr/Desktop/KONKUK/Programming/Back-End/NewLecture/tools/apache-tomcat-9.0.56/conf/server.xml; lineNumber: 155; columnNumber: 14; Open quote is expected for attribute "privileged" associated with an  element type  "Context".
		at java.xml/com.sun.org.apache.xerces.internal.util.ErrorHandlerWrapper.createSAXParseException(ErrorHandlerWrapper.java:204)
		at java.xml/com.sun.org.apache.xerces.internal.util.ErrorHandlerWrapper.fatalError(ErrorHandlerWrapper.java:178)
		at java.xml/com.sun.org.apache.xerces.internal.impl.XMLErrorReporter.reportError(XMLErrorReporter.java:400)
		at java.xml/com.sun.org.apache.xerces.internal.impl.XMLErrorReporter.reportError(XMLErrorReporter.java:327)
		at java.xml/com.sun.org.apache.xerces.internal.impl.XMLScanner.reportFatalError(XMLScanner.java:1471)
		at java.xml/com.sun.org.apache.xerces.internal.impl.XMLScanner.scanAttributeValue(XMLScanner.java:851)
		at java.xml/com.sun.org.apache.xerces.internal.impl.XMLDocumentFragmentScannerImpl.scanAttribute(XMLDocumentFragmentScannerImpl.java:1522)
		at java.xml/com.sun.org.apache.xerces.internal.impl.XMLDocumentFragmentScannerImpl.scanStartElement(XMLDocumentFragmentScannerImpl.java:1363)
		at java.xml/com.sun.org.apache.xerces.internal.impl.XMLDocumentFragmentScannerImpl$FragmentContentDriver.next(XMLDocumentFragmentScannerImpl.java:2726)
		at java.xml/com.sun.org.apache.xerces.internal.impl.XMLDocumentScannerImpl.next(XMLDocumentScannerImpl.java:605)
		at java.xml/com.sun.org.apache.xerces.internal.impl.XMLDocumentFragmentScannerImpl.scanDocument(XMLDocumentFragmentScannerImpl.java:542)
		at java.xml/com.sun.org.apache.xerces.internal.parsers.XML11Configuration.parse(XML11Configuration.java:889)
		at java.xml/com.sun.org.apache.xerces.internal.parsers.XML11Configuration.parse(XML11Configuration.java:825)
		at java.xml/com.sun.org.apache.xerces.internal.parsers.XMLParser.parse(XMLParser.java:141)
		at java.xml/com.sun.org.apache.xerces.internal.parsers.AbstractSAXParser.parse(AbstractSAXParser.java:1224)
		at java.xml/com.sun.org.apache.xerces.internal.jaxp.SAXParserImpl$JAXPSAXParser.parse(SAXParserImpl.java:637)
		at org.apache.tomcat.util.digester.Digester.parse(Digester.java:1535)
		at org.apache.catalina.startup.Catalina.parseServerXml(Catalina.java:617)
		at org.apache.catalina.startup.Catalina.load(Catalina.java:709)
		at org.apache.catalina.startup.Catalina.load(Catalina.java:746)
		at java.base/jdk.internal.reflect.NativeMethodAccessorImpl.invoke0(Native Method)
		at java.base/jdk.internal.reflect.NativeMethodAccessorImpl.invoke(NativeMethodAccessorImpl.java:77)
		at java.base/jdk.internal.reflect.DelegatingMethodAccessorImpl.invoke(DelegatingMethodAccessorImpl.java:43)
		at java.base/java.lang.reflect.Method.invoke(Method.java:568)
		at org.apache.catalina.startup.Bootstrap.load(Bootstrap.java:305)
		at org.apache.catalina.startup.Bootstrap.main(Bootstrap.java:475)
15-Jan-2022 00:23:12.342 SEVERE [main] org.apache.tomcat.util.digester.Digester.fatalError [155] 행 [14} 열에서 심각한 파싱 오류 발생
	org.xml.sax.SAXParseException; systemId: file:/C:/Users/s_rudwhd515/OneDrive%20-%20konkuk.ac.kr/Desktop/KONKUK/Programming/Back-End/NewLecture/tools/apache-tomcat-9.0.56/conf/server.xml; lineNumber: 155; columnNumber: 14; Open quote is expected for attribute "privileged" associated with an  element type  "Context".
		at java.xml/com.sun.org.apache.xerces.internal.util.ErrorHandlerWrapper.createSAXParseException(ErrorHandlerWrapper.java:204)
		at java.xml/com.sun.org.apache.xerces.internal.util.ErrorHandlerWrapper.fatalError(ErrorHandlerWrapper.java:178)
		at java.xml/com.sun.org.apache.xerces.internal.impl.XMLErrorReporter.reportError(XMLErrorReporter.java:400)
		at java.xml/com.sun.org.apache.xerces.internal.impl.XMLErrorReporter.reportError(XMLErrorReporter.java:327)
		at java.xml/com.sun.org.apache.xerces.internal.impl.XMLScanner.reportFatalError(XMLScanner.java:1471)
		at java.xml/com.sun.org.apache.xerces.internal.impl.XMLScanner.scanAttributeValue(XMLScanner.java:851)
		at java.xml/com.sun.org.apache.xerces.internal.impl.XMLDocumentFragmentScannerImpl.scanAttribute(XMLDocumentFragmentScannerImpl.java:1522)
		at java.xml/com.sun.org.apache.xerces.internal.impl.XMLDocumentFragmentScannerImpl.scanStartElement(XMLDocumentFragmentScannerImpl.java:1363)
		at java.xml/com.sun.org.apache.xerces.internal.impl.XMLDocumentFragmentScannerImpl$FragmentContentDriver.next(XMLDocumentFragmentScannerImpl.java:2726)
		at java.xml/com.sun.org.apache.xerces.internal.impl.XMLDocumentScannerImpl.next(XMLDocumentScannerImpl.java:605)
		at java.xml/com.sun.org.apache.xerces.internal.impl.XMLDocumentFragmentScannerImpl.scanDocument(XMLDocumentFragmentScannerImpl.java:542)
		at java.xml/com.sun.org.apache.xerces.internal.parsers.XML11Configuration.parse(XML11Configuration.java:889)
		at java.xml/com.sun.org.apache.xerces.internal.parsers.XML11Configuration.parse(XML11Configuration.java:825)
		at java.xml/com.sun.org.apache.xerces.internal.parsers.XMLParser.parse(XMLParser.java:141)
		at java.xml/com.sun.org.apache.xerces.internal.parsers.AbstractSAXParser.parse(AbstractSAXParser.java:1224)
		at java.xml/com.sun.org.apache.xerces.internal.jaxp.SAXParserImpl$JAXPSAXParser.parse(SAXParserImpl.java:637)
		at org.apache.tomcat.util.digester.Digester.parse(Digester.java:1535)
		at org.apache.catalina.startup.Catalina.parseServerXml(Catalina.java:617)
		at org.apache.catalina.startup.Catalina.load(Catalina.java:709)
		at org.apache.catalina.startup.Catalina.load(Catalina.java:746)
		at java.base/jdk.internal.reflect.NativeMethodAccessorImpl.invoke0(Native Method)
		at java.base/jdk.internal.reflect.NativeMethodAccessorImpl.invoke(NativeMethodAccessorImpl.java:77)
		at java.base/jdk.internal.reflect.DelegatingMethodAccessorImpl.invoke(DelegatingMethodAccessorImpl.java:43)
		at java.base/java.lang.reflect.Method.invoke(Method.java:568)
		at org.apache.catalina.startup.Bootstrap.load(Bootstrap.java:305)
		at org.apache.catalina.startup.Bootstrap.main(Bootstrap.java:475)
15-Jan-2022 00:23:13.674 SEVERE [main] org.apache.tomcat.util.digester.Digester.fatalError [155] 행 [14} 열에서 심각한 파싱 오류 발생
	org.xml.sax.SAXParseException; systemId: file:/C:/Users/s_rudwhd515/OneDrive%20-%20konkuk.ac.kr/Desktop/KONKUK/Programming/Back-End/NewLecture/tools/apache-tomcat-9.0.56/conf/server.xml; lineNumber: 155; columnNumber: 14; Open quote is expected for attribute "privileged" associated with an  element type  "Context".
		at java.xml/com.sun.org.apache.xerces.internal.util.ErrorHandlerWrapper.createSAXParseException(ErrorHandlerWrapper.java:204)
		at java.xml/com.sun.org.apache.xerces.internal.util.ErrorHandlerWrapper.fatalError(ErrorHandlerWrapper.java:178)
		at java.xml/com.sun.org.apache.xerces.internal.impl.XMLErrorReporter.reportError(XMLErrorReporter.java:400)
		at java.xml/com.sun.org.apache.xerces.internal.impl.XMLErrorReporter.reportError(XMLErrorReporter.java:327)
		at java.xml/com.sun.org.apache.xerces.internal.impl.XMLScanner.reportFatalError(XMLScanner.java:1471)
		at java.xml/com.sun.org.apache.xerces.internal.impl.XMLScanner.scanAttributeValue(XMLScanner.java:851)
		at java.xml/com.sun.org.apache.xerces.internal.impl.XMLDocumentFragmentScannerImpl.scanAttribute(XMLDocumentFragmentScannerImpl.java:1522)
		at java.xml/com.sun.org.apache.xerces.internal.impl.XMLDocumentFragmentScannerImpl.scanStartElement(XMLDocumentFragmentScannerImpl.java:1363)
		at java.xml/com.sun.org.apache.xerces.internal.impl.XMLDocumentFragmentScannerImpl$FragmentContentDriver.next(XMLDocumentFragmentScannerImpl.java:2726)
		at java.xml/com.sun.org.apache.xerces.internal.impl.XMLDocumentScannerImpl.next(XMLDocumentScannerImpl.java:605)
		at java.xml/com.sun.org.apache.xerces.internal.impl.XMLDocumentFragmentScannerImpl.scanDocument(XMLDocumentFragmentScannerImpl.java:542)
		at java.xml/com.sun.org.apache.xerces.internal.parsers.XML11Configuration.parse(XML11Configuration.java:889)
		at java.xml/com.sun.org.apache.xerces.internal.parsers.XML11Configuration.parse(XML11Configuration.java:825)
		at java.xml/com.sun.org.apache.xerces.internal.parsers.XMLParser.parse(XMLParser.java:141)
		at java.xml/com.sun.org.apache.xerces.internal.parsers.AbstractSAXParser.parse(AbstractSAXParser.java:1224)
		at java.xml/com.sun.org.apache.xerces.internal.jaxp.SAXParserImpl$JAXPSAXParser.parse(SAXParserImpl.java:637)
		at org.apache.tomcat.util.digester.Digester.parse(Digester.java:1535)
		at org.apache.catalina.startup.Catalina.parseServerXml(Catalina.java:617)
		at org.apache.catalina.startup.Catalina.load(Catalina.java:709)
		at org.apache.catalina.startup.Catalina.load(Catalina.java:746)
		at java.base/jdk.internal.reflect.NativeMethodAccessorImpl.invoke0(Native Method)
		at java.base/jdk.internal.reflect.NativeMethodAccessorImpl.invoke(NativeMethodAccessorImpl.java:77)
		at java.base/jdk.internal.reflect.DelegatingMethodAccessorImpl.invoke(DelegatingMethodAccessorImpl.java:43)
		at java.base/java.lang.reflect.Method.invoke(Method.java:568)
		at org.apache.catalina.startup.Bootstrap.load(Bootstrap.java:305)
		at org.apache.catalina.startup.Bootstrap.main(Bootstrap.java:475)
15-Jan-2022 00:23:14.821 SEVERE [main] org.apache.tomcat.util.digester.Digester.fatalError [155] 행 [14} 열에서 심각한 파싱 오류 발생
	org.xml.sax.SAXParseException; systemId: file:/C:/Users/s_rudwhd515/OneDrive%20-%20konkuk.ac.kr/Desktop/KONKUK/Programming/Back-End/NewLecture/tools/apache-tomcat-9.0.56/conf/server.xml; lineNumber: 155; columnNumber: 14; Open quote is expected for attribute "privileged" associated with an  element type  "Context".
		at java.xml/com.sun.org.apache.xerces.internal.util.ErrorHandlerWrapper.createSAXParseException(ErrorHandlerWrapper.java:204)
		at java.xml/com.sun.org.apache.xerces.internal.util.ErrorHandlerWrapper.fatalError(ErrorHandlerWrapper.java:178)
		at java.xml/com.sun.org.apache.xerces.internal.impl.XMLErrorReporter.reportError(XMLErrorReporter.java:400)
		at java.xml/com.sun.org.apache.xerces.internal.impl.XMLErrorReporter.reportError(XMLErrorReporter.java:327)
		at java.xml/com.sun.org.apache.xerces.internal.impl.XMLScanner.reportFatalError(XMLScanner.java:1471)
		at java.xml/com.sun.org.apache.xerces.internal.impl.XMLScanner.scanAttributeValue(XMLScanner.java:851)
		at java.xml/com.sun.org.apache.xerces.internal.impl.XMLDocumentFragmentScannerImpl.scanAttribute(XMLDocumentFragmentScannerImpl.java:1522)
		at java.xml/com.sun.org.apache.xerces.internal.impl.XMLDocumentFragmentScannerImpl.scanStartElement(XMLDocumentFragmentScannerImpl.java:1363)
		at java.xml/com.sun.org.apache.xerces.internal.impl.XMLDocumentFragmentScannerImpl$FragmentContentDriver.next(XMLDocumentFragmentScannerImpl.java:2726)
		at java.xml/com.sun.org.apache.xerces.internal.impl.XMLDocumentScannerImpl.next(XMLDocumentScannerImpl.java:605)
		at java.xml/com.sun.org.apache.xerces.internal.impl.XMLDocumentFragmentScannerImpl.scanDocument(XMLDocumentFragmentScannerImpl.java:542)
		at java.xml/com.sun.org.apache.xerces.internal.parsers.XML11Configuration.parse(XML11Configuration.java:889)
		at java.xml/com.sun.org.apache.xerces.internal.parsers.XML11Configuration.parse(XML11Configuration.java:825)
		at java.xml/com.sun.org.apache.xerces.internal.parsers.XMLParser.parse(XMLParser.java:141)
		at java.xml/com.sun.org.apache.xerces.internal.parsers.AbstractSAXParser.parse(AbstractSAXParser.java:1224)
		at java.xml/com.sun.org.apache.xerces.internal.jaxp.SAXParserImpl$JAXPSAXParser.parse(SAXParserImpl.java:637)
		at org.apache.tomcat.util.digester.Digester.parse(Digester.java:1535)
		at org.apache.catalina.startup.Catalina.parseServerXml(Catalina.java:617)
		at org.apache.catalina.startup.Catalina.load(Catalina.java:709)
		at org.apache.catalina.startup.Catalina.load(Catalina.java:746)
		at java.base/jdk.internal.reflect.NativeMethodAccessorImpl.invoke0(Native Method)
		at java.base/jdk.internal.reflect.NativeMethodAccessorImpl.invoke(NativeMethodAccessorImpl.java:77)
		at java.base/jdk.internal.reflect.DelegatingMethodAccessorImpl.invoke(DelegatingMethodAccessorImpl.java:43)
		at java.base/java.lang.reflect.Method.invoke(Method.java:568)
		at org.apache.catalina.startup.Bootstrap.load(Bootstrap.java:305)
		at org.apache.catalina.startup.Bootstrap.main(Bootstrap.java:475)
15-Jan-2022 00:23:16.154 SEVERE [main] org.apache.tomcat.util.digester.Digester.fatalError [155] 행 [14} 열에서 심각한 파싱 오류 발생
	org.xml.sax.SAXParseException; systemId: file:/C:/Users/s_rudwhd515/OneDrive%20-%20konkuk.ac.kr/Desktop/KONKUK/Programming/Back-End/NewLecture/tools/apache-tomcat-9.0.56/conf/server.xml; lineNumber: 155; columnNumber: 14; Open quote is expected for attribute "privileged" associated with an  element type  "Context".
		at java.xml/com.sun.org.apache.xerces.internal.util.ErrorHandlerWrapper.createSAXParseException(ErrorHandlerWrapper.java:204)
		at java.xml/com.sun.org.apache.xerces.internal.util.ErrorHandlerWrapper.fatalError(ErrorHandlerWrapper.java:178)
		at java.xml/com.sun.org.apache.xerces.internal.impl.XMLErrorReporter.reportError(XMLErrorReporter.java:400)
		at java.xml/com.sun.org.apache.xerces.internal.impl.XMLErrorReporter.reportError(XMLErrorReporter.java:327)
		at java.xml/com.sun.org.apache.xerces.internal.impl.XMLScanner.reportFatalError(XMLScanner.java:1471)
		at java.xml/com.sun.org.apache.xerces.internal.impl.XMLScanner.scanAttributeValue(XMLScanner.java:851)
		at java.xml/com.sun.org.apache.xerces.internal.impl.XMLDocumentFragmentScannerImpl.scanAttribute(XMLDocumentFragmentScannerImpl.java:1522)
		at java.xml/com.sun.org.apache.xerces.internal.impl.XMLDocumentFragmentScannerImpl.scanStartElement(XMLDocumentFragmentScannerImpl.java:1363)
		at java.xml/com.sun.org.apache.xerces.internal.impl.XMLDocumentFragmentScannerImpl$FragmentContentDriver.next(XMLDocumentFragmentScannerImpl.java:2726)
		at java.xml/com.sun.org.apache.xerces.internal.impl.XMLDocumentScannerImpl.next(XMLDocumentScannerImpl.java:605)
		at java.xml/com.sun.org.apache.xerces.internal.impl.XMLDocumentFragmentScannerImpl.scanDocument(XMLDocumentFragmentScannerImpl.java:542)
		at java.xml/com.sun.org.apache.xerces.internal.parsers.XML11Configuration.parse(XML11Configuration.java:889)
		at java.xml/com.sun.org.apache.xerces.internal.parsers.XML11Configuration.parse(XML11Configuration.java:825)
		at java.xml/com.sun.org.apache.xerces.internal.parsers.XMLParser.parse(XMLParser.java:141)
		at java.xml/com.sun.org.apache.xerces.internal.parsers.AbstractSAXParser.parse(AbstractSAXParser.java:1224)
		at java.xml/com.sun.org.apache.xerces.internal.jaxp.SAXParserImpl$JAXPSAXParser.parse(SAXParserImpl.java:637)
		at org.apache.tomcat.util.digester.Digester.parse(Digester.java:1535)
		at org.apache.catalina.startup.Catalina.parseServerXml(Catalina.java:617)
		at org.apache.catalina.startup.Catalina.load(Catalina.java:709)
		at org.apache.catalina.startup.Catalina.load(Catalina.java:746)
		at java.base/jdk.internal.reflect.NativeMethodAccessorImpl.invoke0(Native Method)
		at java.base/jdk.internal.reflect.NativeMethodAccessorImpl.invoke(NativeMethodAccessorImpl.java:77)
		at java.base/jdk.internal.reflect.DelegatingMethodAccessorImpl.invoke(DelegatingMethodAccessorImpl.java:43)
		at java.base/java.lang.reflect.Method.invoke(Method.java:568)
		at org.apache.catalina.startup.Bootstrap.load(Bootstrap.java:305)
		at org.apache.catalina.startup.Bootstrap.main(Bootstrap.java:475)
15-Jan-2022 00:25:01.583 WARNING [main] org.apache.catalina.core.StandardContext.setPath 컨텍스트 경로는 반드시 빈 문자열이거나, 또는 '/'로 시작하고 '/'로 끝나지 않는 문자열이어야 합니다. 해당 경로 [it]은(는) 이 조건을 충족시키지 않아 [/it](으)로 변경되었습니다.
15-Jan-2022 00:25:01.621 INFO [main] org.apache.catalina.startup.VersionLoggerListener.log 서버 버전 이름:    Apache Tomcat/9.0.56
15-Jan-2022 00:25:01.621 INFO [main] org.apache.catalina.startup.VersionLoggerListener.log Server 빌드 시각:  Dec 2 2021 14:30:07 UTC
15-Jan-2022 00:25:01.621 INFO [main] org.apache.catalina.startup.VersionLoggerListener.log Server 버전 번호:  9.0.56.0
15-Jan-2022 00:25:01.621 INFO [main] org.apache.catalina.startup.VersionLoggerListener.log 운영체제 이름:     Windows 10
15-Jan-2022 00:25:01.621 INFO [main] org.apache.catalina.startup.VersionLoggerListener.log 운영체제 버전:     10.0
15-Jan-2022 00:25:01.621 INFO [main] org.apache.catalina.startup.VersionLoggerListener.log 아키텍처:          amd64
15-Jan-2022 00:25:01.621 INFO [main] org.apache.catalina.startup.VersionLoggerListener.log 자바 홈:           C:\Program Files\Java\jdk-17.0.1
15-Jan-2022 00:25:01.621 INFO [main] org.apache.catalina.startup.VersionLoggerListener.log JVM 버전:          17.0.1+12-LTS-39
15-Jan-2022 00:25:01.621 INFO [main] org.apache.catalina.startup.VersionLoggerListener.log JVM 벤더:          Oracle Corporation
15-Jan-2022 00:25:01.621 INFO [main] org.apache.catalina.startup.VersionLoggerListener.log CATALINA_BASE:     C:\Users\s_rudwhd515\OneDrive - konkuk.ac.kr\Desktop\KONKUK\Programming\Back-End\NewLecture\tools\apache-tomcat-9.0.56
15-Jan-2022 00:25:01.621 INFO [main] org.apache.catalina.startup.VersionLoggerListener.log CATALINA_HOME:     C:\Users\s_rudwhd515\OneDrive - konkuk.ac.kr\Desktop\KONKUK\Programming\Back-End\NewLecture\tools\apache-tomcat-9.0.56
15-Jan-2022 00:25:01.636 INFO [main] org.apache.catalina.startup.VersionLoggerListener.log 명령 행 아규먼트:  --add-opens=java.base/java.lang=ALL-UNNAMED
15-Jan-2022 00:25:01.642 INFO [main] org.apache.catalina.startup.VersionLoggerListener.log 명령 행 아규먼트:  --add-opens=java.base/java.io=ALL-UNNAMED
15-Jan-2022 00:25:01.643 INFO [main] org.apache.catalina.startup.VersionLoggerListener.log 명령 행 아규먼트:  --add-opens=java.base/java.util=ALL-UNNAMED
15-Jan-2022 00:25:01.644 INFO [main] org.apache.catalina.startup.VersionLoggerListener.log 명령 행 아규먼트:  --add-opens=java.base/java.util.concurrent=ALL-UNNAMED
15-Jan-2022 00:25:01.644 INFO [main] org.apache.catalina.startup.VersionLoggerListener.log 명령 행 아규먼트:  --add-opens=java.rmi/sun.rmi.transport=ALL-UNNAMED
15-Jan-2022 00:25:01.645 INFO [main] org.apache.catalina.startup.VersionLoggerListener.log 명령 행 아규먼트:  -Djava.util.logging.config.file=C:\Users\s_rudwhd515\OneDrive - konkuk.ac.kr\Desktop\KONKUK\Programming\Back-End\NewLecture\tools\apache-tomcat-9.0.56\conf\logging.properties
15-Jan-2022 00:25:01.645 INFO [main] org.apache.catalina.startup.VersionLoggerListener.log 명령 행 아규먼트:  -Djava.util.logging.manager=org.apache.juli.ClassLoaderLogManager
15-Jan-2022 00:25:01.645 INFO [main] org.apache.catalina.startup.VersionLoggerListener.log 명령 행 아규먼트:  -Djdk.tls.ephemeralDHKeySize=2048
15-Jan-2022 00:25:01.645 INFO [main] org.apache.catalina.startup.VersionLoggerListener.log 명령 행 아규먼트:  -Djava.protocol.handler.pkgs=org.apache.catalina.webresources
15-Jan-2022 00:25:01.645 INFO [main] org.apache.catalina.startup.VersionLoggerListener.log 명령 행 아규먼트:  -Dignore.endorsed.dirs=
15-Jan-2022 00:25:01.647 INFO [main] org.apache.catalina.startup.VersionLoggerListener.log 명령 행 아규먼트:  -Dcatalina.base=C:\Users\s_rudwhd515\OneDrive - konkuk.ac.kr\Desktop\KONKUK\Programming\Back-End\NewLecture\tools\apache-tomcat-9.0.56
15-Jan-2022 00:25:01.647 INFO [main] org.apache.catalina.startup.VersionLoggerListener.log 명령 행 아규먼트:  -Dcatalina.home=C:\Users\s_rudwhd515\OneDrive - konkuk.ac.kr\Desktop\KONKUK\Programming\Back-End\NewLecture\tools\apache-tomcat-9.0.56
15-Jan-2022 00:25:01.647 INFO [main] org.apache.catalina.startup.VersionLoggerListener.log 명령 행 아규먼트:  -Djava.io.tmpdir=C:\Users\s_rudwhd515\OneDrive - konkuk.ac.kr\Desktop\KONKUK\Programming\Back-End\NewLecture\tools\apache-tomcat-9.0.56\temp
15-Jan-2022 00:25:01.648 INFO [main] org.apache.catalina.core.AprLifecycleListener.lifecycleEvent APR 버전 [1.7.0]을(를) 사용한, APR 기반 Apache Tomcat Native 라이브러리 [1.2.31]을(를) 로드했습니다.
15-Jan-2022 00:25:01.648 INFO [main] org.apache.catalina.core.AprLifecycleListener.lifecycleEvent APR 용량정보들: IPv6 [true], sendfile [true], accept filters [false], random [true], UDS [true].
15-Jan-2022 00:25:01.648 INFO [main] org.apache.catalina.core.AprLifecycleListener.lifecycleEvent APR/OpenSSL 설정: useAprConnector [false], useOpenSSL [true]
15-Jan-2022 00:25:01.657 INFO [main] org.apache.catalina.core.AprLifecycleListener.initializeSSL OpenSSL이 성공적으로 초기화되었습니다: [OpenSSL 1.1.1l  24 Aug 2021]
15-Jan-2022 00:25:01.887 INFO [main] org.apache.coyote.AbstractProtocol.init 프로토콜 핸들러 ["http-nio-8080"]을(를) 초기화합니다.
15-Jan-2022 00:25:01.906 INFO [main] org.apache.catalina.startup.Catalina.load [503] 밀리초 내에 서버가 초기화되었습니다.
15-Jan-2022 00:25:01.931 INFO [main] org.apache.catalina.core.StandardService.startInternal 서비스 [Catalina]을(를) 시작합니다.
15-Jan-2022 00:25:01.931 INFO [main] org.apache.catalina.core.StandardEngine.startInternal 서버 엔진을 시작합니다: [Apache Tomcat/9.0.56]
15-Jan-2022 00:25:02.176 INFO [main] org.apache.catalina.startup.HostConfig.deployDirectory 웹 애플리케이션 디렉토리 [C:\Users\s_rudwhd515\OneDrive - konkuk.ac.kr\Desktop\KONKUK\Programming\Back-End\NewLecture\tools\apache-tomcat-9.0.56\webapps\docs]을(를) 배치합니다.
15-Jan-2022 00:25:02.214 INFO [main] org.apache.catalina.startup.HostConfig.deployDirectory 웹 애플리케이션 디렉토리 [C:\Users\s_rudwhd515\OneDrive - konkuk.ac.kr\Desktop\KONKUK\Programming\Back-End\NewLecture\tools\apache-tomcat-9.0.56\webapps\docs]에 대한 배치가 [38] 밀리초에 완료되었습니다.
15-Jan-2022 00:25:02.221 INFO [main] org.apache.catalina.startup.HostConfig.deployDirectory 웹 애플리케이션 디렉토리 [C:\Users\s_rudwhd515\OneDrive - konkuk.ac.kr\Desktop\KONKUK\Programming\Back-End\NewLecture\tools\apache-tomcat-9.0.56\webapps\examples]을(를) 배치합니다.
15-Jan-2022 00:25:02.667 INFO [main] org.apache.catalina.startup.HostConfig.deployDirectory 웹 애플리케이션 디렉토리 [C:\Users\s_rudwhd515\OneDrive - konkuk.ac.kr\Desktop\KONKUK\Programming\Back-End\NewLecture\tools\apache-tomcat-9.0.56\webapps\examples]에 대한 배치가 [445] 밀리초에 완료되었습니다.
15-Jan-2022 00:25:02.668 INFO [main] org.apache.catalina.startup.HostConfig.deployDirectory 웹 애플리케이션 디렉토리 [C:\Users\s_rudwhd515\OneDrive - konkuk.ac.kr\Desktop\KONKUK\Programming\Back-End\NewLecture\tools\apache-tomcat-9.0.56\webapps\host-manager]을(를) 배치합니다.
15-Jan-2022 00:25:02.717 INFO [main] org.apache.catalina.startup.HostConfig.deployDirectory 웹 애플리케이션 디렉토리 [C:\Users\s_rudwhd515\OneDrive - konkuk.ac.kr\Desktop\KONKUK\Programming\Back-End\NewLecture\tools\apache-tomcat-9.0.56\webapps\host-manager]에 대한 배치가 [49] 밀리초에 완료되었습니다.
15-Jan-2022 00:25:02.717 INFO [main] org.apache.catalina.startup.HostConfig.deployDirectory 웹 애플리케이션 디렉토리 [C:\Users\s_rudwhd515\OneDrive - konkuk.ac.kr\Desktop\KONKUK\Programming\Back-End\NewLecture\tools\apache-tomcat-9.0.56\webapps\ITWeb]을(를) 배치합니다.
15-Jan-2022 00:25:02.733 INFO [main] org.apache.catalina.startup.HostConfig.deployDirectory 웹 애플리케이션 디렉토리 [C:\Users\s_rudwhd515\OneDrive - konkuk.ac.kr\Desktop\KONKUK\Programming\Back-End\NewLecture\tools\apache-tomcat-9.0.56\webapps\ITWeb]에 대한 배치가 [16] 밀리초에 완료되었습니다.
15-Jan-2022 00:25:02.733 INFO [main] org.apache.catalina.startup.HostConfig.deployDirectory 웹 애플리케이션 디렉토리 [C:\Users\s_rudwhd515\OneDrive - konkuk.ac.kr\Desktop\KONKUK\Programming\Back-End\NewLecture\tools\apache-tomcat-9.0.56\webapps\manager]을(를) 배치합니다.
15-Jan-2022 00:25:02.796 INFO [main] org.apache.catalina.startup.HostConfig.deployDirectory 웹 애플리케이션 디렉토리 [C:\Users\s_rudwhd515\OneDrive - konkuk.ac.kr\Desktop\KONKUK\Programming\Back-End\NewLecture\tools\apache-tomcat-9.0.56\webapps\manager]에 대한 배치가 [63] 밀리초에 완료되었습니다.
15-Jan-2022 00:25:02.796 INFO [main] org.apache.catalina.startup.HostConfig.deployDirectory 웹 애플리케이션 디렉토리 [C:\Users\s_rudwhd515\OneDrive - konkuk.ac.kr\Desktop\KONKUK\Programming\Back-End\NewLecture\tools\apache-tomcat-9.0.56\webapps\ROOT]을(를) 배치합니다.
15-Jan-2022 00:25:02.828 INFO [main] org.apache.catalina.startup.HostConfig.deployDirectory 웹 애플리케이션 디렉토리 [C:\Users\s_rudwhd515\OneDrive - konkuk.ac.kr\Desktop\KONKUK\Programming\Back-End\NewLecture\tools\apache-tomcat-9.0.56\webapps\ROOT]에 대한 배치가 [32] 밀리초에 완료되었습니다.
15-Jan-2022 00:25:02.846 INFO [main] org.apache.coyote.AbstractProtocol.start 프로토콜 핸들러 ["http-nio-8080"]을(를) 시작합니다.
15-Jan-2022 00:25:02.885 INFO [main] org.apache.catalina.startup.Catalina.start 서버가 [989] 밀리초 내에 시작되었습니다.
15-Jan-2022 10:43:01.086 WARNING [main] org.apache.catalina.core.StandardContext.setPath 컨텍스트 경로는 반드시 빈 문자열이거나, 또는 '/'로 시작하고 '/'로 끝나지 않는 문자열이어야 합니다. 해당 경로 [it]은(는) 이 조건을 충족시키지 않아 [/it](으)로 변경되었습니다.
15-Jan-2022 10:43:01.107 INFO [main] org.apache.catalina.startup.VersionLoggerListener.log 서버 버전 이름:    Apache Tomcat/9.0.56
15-Jan-2022 10:43:01.107 INFO [main] org.apache.catalina.startup.VersionLoggerListener.log Server 빌드 시각:  Dec 2 2021 14:30:07 UTC
15-Jan-2022 10:43:01.107 INFO [main] org.apache.catalina.startup.VersionLoggerListener.log Server 버전 번호:  9.0.56.0
15-Jan-2022 10:43:01.107 INFO [main] org.apache.catalina.startup.VersionLoggerListener.log 운영체제 이름:     Windows 10
15-Jan-2022 10:43:01.107 INFO [main] org.apache.catalina.startup.VersionLoggerListener.log 운영체제 버전:     10.0
15-Jan-2022 10:43:01.116 INFO [main] org.apache.catalina.startup.VersionLoggerListener.log 아키텍처:          amd64
15-Jan-2022 10:43:01.116 INFO [main] org.apache.catalina.startup.VersionLoggerListener.log 자바 홈:           C:\Program Files\Java\jdk-17.0.1
15-Jan-2022 10:43:01.116 INFO [main] org.apache.catalina.startup.VersionLoggerListener.log JVM 버전:          17.0.1+12-LTS-39
15-Jan-2022 10:43:01.117 INFO [main] org.apache.catalina.startup.VersionLoggerListener.log JVM 벤더:          Oracle Corporation
15-Jan-2022 10:43:01.117 INFO [main] org.apache.catalina.startup.VersionLoggerListener.log CATALINA_BASE:     C:\Users\s_rudwhd515\OneDrive - konkuk.ac.kr\Desktop\KONKUK\Programming\Back-End\NewLecture\tools\apache-tomcat-9.0.56
15-Jan-2022 10:43:01.117 INFO [main] org.apache.catalina.startup.VersionLoggerListener.log CATALINA_HOME:     C:\Users\s_rudwhd515\OneDrive - konkuk.ac.kr\Desktop\KONKUK\Programming\Back-End\NewLecture\tools\apache-tomcat-9.0.56
15-Jan-2022 10:43:01.118 INFO [main] org.apache.catalina.startup.VersionLoggerListener.log 명령 행 아규먼트:  --add-opens=java.base/java.lang=ALL-UNNAMED
15-Jan-2022 10:43:01.118 INFO [main] org.apache.catalina.startup.VersionLoggerListener.log 명령 행 아규먼트:  --add-opens=java.base/java.io=ALL-UNNAMED
15-Jan-2022 10:43:01.118 INFO [main] org.apache.catalina.startup.VersionLoggerListener.log 명령 행 아규먼트:  --add-opens=java.base/java.util=ALL-UNNAMED
15-Jan-2022 10:43:01.118 INFO [main] org.apache.catalina.startup.VersionLoggerListener.log 명령 행 아규먼트:  --add-opens=java.base/java.util.concurrent=ALL-UNNAMED
15-Jan-2022 10:43:01.118 INFO [main] org.apache.catalina.startup.VersionLoggerListener.log 명령 행 아규먼트:  --add-opens=java.rmi/sun.rmi.transport=ALL-UNNAMED
15-Jan-2022 10:43:01.118 INFO [main] org.apache.catalina.startup.VersionLoggerListener.log 명령 행 아규먼트:  -Djava.util.logging.config.file=C:\Users\s_rudwhd515\OneDrive - konkuk.ac.kr\Desktop\KONKUK\Programming\Back-End\NewLecture\tools\apache-tomcat-9.0.56\conf\logging.properties
15-Jan-2022 10:43:01.118 INFO [main] org.apache.catalina.startup.VersionLoggerListener.log 명령 행 아규먼트:  -Djava.util.logging.manager=org.apache.juli.ClassLoaderLogManager
15-Jan-2022 10:43:01.118 INFO [main] org.apache.catalina.startup.VersionLoggerListener.log 명령 행 아규먼트:  -Djdk.tls.ephemeralDHKeySize=2048
15-Jan-2022 10:43:01.118 INFO [main] org.apache.catalina.startup.VersionLoggerListener.log 명령 행 아규먼트:  -Djava.protocol.handler.pkgs=org.apache.catalina.webresources
15-Jan-2022 10:43:01.118 INFO [main] org.apache.catalina.startup.VersionLoggerListener.log 명령 행 아규먼트:  -Dignore.endorsed.dirs=
15-Jan-2022 10:43:01.118 INFO [main] org.apache.catalina.startup.VersionLoggerListener.log 명령 행 아규먼트:  -Dcatalina.base=C:\Users\s_rudwhd515\OneDrive - konkuk.ac.kr\Desktop\KONKUK\Programming\Back-End\NewLecture\tools\apache-tomcat-9.0.56
15-Jan-2022 10:43:01.118 INFO [main] org.apache.catalina.startup.VersionLoggerListener.log 명령 행 아규먼트:  -Dcatalina.home=C:\Users\s_rudwhd515\OneDrive - konkuk.ac.kr\Desktop\KONKUK\Programming\Back-End\NewLecture\tools\apache-tomcat-9.0.56
15-Jan-2022 10:43:01.118 INFO [main] org.apache.catalina.startup.VersionLoggerListener.log 명령 행 아규먼트:  -Djava.io.tmpdir=C:\Users\s_rudwhd515\OneDrive - konkuk.ac.kr\Desktop\KONKUK\Programming\Back-End\NewLecture\tools\apache-tomcat-9.0.56\temp
15-Jan-2022 10:43:01.127 INFO [main] org.apache.catalina.core.AprLifecycleListener.lifecycleEvent APR 버전 [1.7.0]을(를) 사용한, APR 기반 Apache Tomcat Native 라이브러리 [1.2.31]을(를) 로드했습니다.
15-Jan-2022 10:43:01.127 INFO [main] org.apache.catalina.core.AprLifecycleListener.lifecycleEvent APR 용량정보들: IPv6 [true], sendfile [true], accept filters [false], random [true], UDS [true].
15-Jan-2022 10:43:01.127 INFO [main] org.apache.catalina.core.AprLifecycleListener.lifecycleEvent APR/OpenSSL 설정: useAprConnector [false], useOpenSSL [true]
15-Jan-2022 10:43:01.135 INFO [main] org.apache.catalina.core.AprLifecycleListener.initializeSSL OpenSSL이 성공적으로 초기화되었습니다: [OpenSSL 1.1.1l  24 Aug 2021]
15-Jan-2022 10:43:01.395 INFO [main] org.apache.coyote.AbstractProtocol.init 프로토콜 핸들러 ["http-nio-8080"]을(를) 초기화합니다.
15-Jan-2022 10:43:01.418 INFO [main] org.apache.catalina.startup.Catalina.load [572] 밀리초 내에 서버가 초기화되었습니다.
15-Jan-2022 10:43:01.467 INFO [main] org.apache.catalina.core.StandardService.startInternal 서비스 [Catalina]을(를) 시작합니다.
15-Jan-2022 10:43:01.467 INFO [main] org.apache.catalina.core.StandardEngine.startInternal 서버 엔진을 시작합니다: [Apache Tomcat/9.0.56]
15-Jan-2022 10:43:01.767 INFO [main] org.apache.catalina.startup.HostConfig.deployDirectory 웹 애플리케이션 디렉토리 [C:\Users\s_rudwhd515\OneDrive - konkuk.ac.kr\Desktop\KONKUK\Programming\Back-End\NewLecture\tools\apache-tomcat-9.0.56\webapps\docs]을(를) 배치합니다.
15-Jan-2022 10:43:01.817 INFO [main] org.apache.catalina.startup.HostConfig.deployDirectory 웹 애플리케이션 디렉토리 [C:\Users\s_rudwhd515\OneDrive - konkuk.ac.kr\Desktop\KONKUK\Programming\Back-End\NewLecture\tools\apache-tomcat-9.0.56\webapps\docs]에 대한 배치가 [40] 밀리초에 완료되었습니다.
15-Jan-2022 10:43:01.818 INFO [main] org.apache.catalina.startup.HostConfig.deployDirectory 웹 애플리케이션 디렉토리 [C:\Users\s_rudwhd515\OneDrive - konkuk.ac.kr\Desktop\KONKUK\Programming\Back-End\NewLecture\tools\apache-tomcat-9.0.56\webapps\examples]을(를) 배치합니다.
15-Jan-2022 10:43:02.487 INFO [main] org.apache.catalina.startup.HostConfig.deployDirectory 웹 애플리케이션 디렉토리 [C:\Users\s_rudwhd515\OneDrive - konkuk.ac.kr\Desktop\KONKUK\Programming\Back-End\NewLecture\tools\apache-tomcat-9.0.56\webapps\examples]에 대한 배치가 [669] 밀리초에 완료되었습니다.
15-Jan-2022 10:43:02.487 INFO [main] org.apache.catalina.startup.HostConfig.deployDirectory 웹 애플리케이션 디렉토리 [C:\Users\s_rudwhd515\OneDrive - konkuk.ac.kr\Desktop\KONKUK\Programming\Back-End\NewLecture\tools\apache-tomcat-9.0.56\webapps\host-manager]을(를) 배치합니다.
15-Jan-2022 10:43:02.540 INFO [main] org.apache.catalina.startup.HostConfig.deployDirectory 웹 애플리케이션 디렉토리 [C:\Users\s_rudwhd515\OneDrive - konkuk.ac.kr\Desktop\KONKUK\Programming\Back-End\NewLecture\tools\apache-tomcat-9.0.56\webapps\host-manager]에 대한 배치가 [53] 밀리초에 완료되었습니다.
15-Jan-2022 10:43:02.547 INFO [main] org.apache.catalina.startup.HostConfig.deployDirectory 웹 애플리케이션 디렉토리 [C:\Users\s_rudwhd515\OneDrive - konkuk.ac.kr\Desktop\KONKUK\Programming\Back-End\NewLecture\tools\apache-tomcat-9.0.56\webapps\ITWeb]을(를) 배치합니다.
15-Jan-2022 10:43:02.576 INFO [main] org.apache.catalina.startup.HostConfig.deployDirectory 웹 애플리케이션 디렉토리 [C:\Users\s_rudwhd515\OneDrive - konkuk.ac.kr\Desktop\KONKUK\Programming\Back-End\NewLecture\tools\apache-tomcat-9.0.56\webapps\ITWeb]에 대한 배치가 [30] 밀리초에 완료되었습니다.
15-Jan-2022 10:43:02.582 INFO [main] org.apache.catalina.startup.HostConfig.deployDirectory 웹 애플리케이션 디렉토리 [C:\Users\s_rudwhd515\OneDrive - konkuk.ac.kr\Desktop\KONKUK\Programming\Back-End\NewLecture\tools\apache-tomcat-9.0.56\webapps\manager]을(를) 배치합니다.
15-Jan-2022 10:43:02.670 INFO [main] org.apache.catalina.startup.HostConfig.deployDirectory 웹 애플리케이션 디렉토리 [C:\Users\s_rudwhd515\OneDrive - konkuk.ac.kr\Desktop\KONKUK\Programming\Back-End\NewLecture\tools\apache-tomcat-9.0.56\webapps\manager]에 대한 배치가 [89] 밀리초에 완료되었습니다.
15-Jan-2022 10:43:02.673 INFO [main] org.apache.catalina.startup.HostConfig.deployDirectory 웹 애플리케이션 디렉토리 [C:\Users\s_rudwhd515\OneDrive - konkuk.ac.kr\Desktop\KONKUK\Programming\Back-End\NewLecture\tools\apache-tomcat-9.0.56\webapps\ROOT]을(를) 배치합니다.
15-Jan-2022 10:43:02.733 INFO [main] org.apache.catalina.startup.HostConfig.deployDirectory 웹 애플리케이션 디렉토리 [C:\Users\s_rudwhd515\OneDrive - konkuk.ac.kr\Desktop\KONKUK\Programming\Back-End\NewLecture\tools\apache-tomcat-9.0.56\webapps\ROOT]에 대한 배치가 [60] 밀리초에 완료되었습니다.
15-Jan-2022 10:43:02.738 INFO [main] org.apache.coyote.AbstractProtocol.start 프로토콜 핸들러 ["http-nio-8080"]을(를) 시작합니다.
15-Jan-2022 10:43:02.801 INFO [main] org.apache.catalina.startup.Catalina.start 서버가 [1383] 밀리초 내에 시작되었습니다.
15-Jan-2022 10:47:33.131 INFO [Catalina-utility-2] org.apache.catalina.startup.HostConfig.reload 컨텍스트 []을(를) 다시 로드합니다.
15-Jan-2022 10:47:33.131 INFO [Catalina-utility-2] org.apache.catalina.core.StandardContext.reload 이름이 []인 컨텍스트를 다시 로드하는 작업이 시작되었습니다.
15-Jan-2022 10:47:33.259 SEVERE [Catalina-utility-2] org.apache.catalina.core.StandardContext.reload 이름이 []인 컨텍스트를 시작하는 중 예외 발생
	org.apache.catalina.LifecycleException: 구성요소 [StandardEngine[Catalina].StandardHost[localhost].StandardContext[]]을(를) 시작하지 못했습니다.
		at org.apache.catalina.util.LifecycleBase.handleSubClassException(LifecycleBase.java:440)
		at org.apache.catalina.util.LifecycleBase.start(LifecycleBase.java:198)
		at org.apache.catalina.core.StandardContext.reload(StandardContext.java:3818)
		at org.apache.catalina.startup.HostConfig.reload(HostConfig.java:1443)
		at org.apache.catalina.startup.HostConfig.checkResources(HostConfig.java:1415)
		at org.apache.catalina.startup.HostConfig.check(HostConfig.java:1654)
		at org.apache.catalina.startup.HostConfig.lifecycleEvent(HostConfig.java:315)
		at org.apache.catalina.util.LifecycleBase.fireLifecycleEvent(LifecycleBase.java:123)
		at org.apache.catalina.core.ContainerBase.backgroundProcess(ContainerBase.java:1162)
		at org.apache.catalina.core.ContainerBase$ContainerBackgroundProcessor.processChildren(ContainerBase.java:1365)
		at org.apache.catalina.core.ContainerBase$ContainerBackgroundProcessor.processChildren(ContainerBase.java:1369)
		at org.apache.catalina.core.ContainerBase$ContainerBackgroundProcessor.run(ContainerBase.java:1347)
		at java.base/java.util.concurrent.Executors$RunnableAdapter.call(Executors.java:539)
		at java.base/java.util.concurrent.FutureTask.runAndReset(FutureTask.java:305)
		at java.base/java.util.concurrent.ScheduledThreadPoolExecutor$ScheduledFutureTask.run(ScheduledThreadPoolExecutor.java:305)
		at java.base/java.util.concurrent.ThreadPoolExecutor.runWorker(ThreadPoolExecutor.java:1136)
		at java.base/java.util.concurrent.ThreadPoolExecutor$Worker.run(ThreadPoolExecutor.java:635)
		at org.apache.tomcat.util.threads.TaskThread$WrappingRunnable.run(TaskThread.java:61)
		at java.base/java.lang.Thread.run(Thread.java:833)
	Caused by: java.lang.IllegalArgumentException: 서블릿 매핑에서 유효하지 않은 <url-pattern> [hello]
		at org.apache.catalina.core.StandardContext.addServletMappingDecoded(StandardContext.java:3233)
		at org.apache.catalina.Context.addServletMappingDecoded(Context.java:905)
		at org.apache.catalina.startup.ContextConfig.configureContext(ContextConfig.java:1562)
		at org.apache.catalina.startup.ContextConfig.webConfig(ContextConfig.java:1335)
		at org.apache.catalina.startup.ContextConfig.configureStart(ContextConfig.java:986)
		at org.apache.catalina.startup.ContextConfig.lifecycleEvent(ContextConfig.java:303)
		at org.apache.catalina.util.LifecycleBase.fireLifecycleEvent(LifecycleBase.java:123)
		at org.apache.catalina.core.StandardContext.startInternal(StandardContext.java:5135)
		at org.apache.catalina.util.LifecycleBase.start(LifecycleBase.java:183)
		... 17 more
15-Jan-2022 10:47:33.268 INFO [Catalina-utility-2] org.apache.catalina.core.StandardContext.reload 이름이 []인 컨텍스트를 다시 로드하는 것을 완료했습니다.
15-Jan-2022 10:49:45.991 WARNING [main] org.apache.catalina.core.StandardContext.setPath 컨텍스트 경로는 반드시 빈 문자열이거나, 또는 '/'로 시작하고 '/'로 끝나지 않는 문자열이어야 합니다. 해당 경로 [it]은(는) 이 조건을 충족시키지 않아 [/it](으)로 변경되었습니다.
15-Jan-2022 10:49:46.009 INFO [main] org.apache.catalina.startup.VersionLoggerListener.log 서버 버전 이름:    Apache Tomcat/9.0.56
15-Jan-2022 10:49:46.013 INFO [main] org.apache.catalina.startup.VersionLoggerListener.log Server 빌드 시각:  Dec 2 2021 14:30:07 UTC
15-Jan-2022 10:49:46.013 INFO [main] org.apache.catalina.startup.VersionLoggerListener.log Server 버전 번호:  9.0.56.0
15-Jan-2022 10:49:46.013 INFO [main] org.apache.catalina.startup.VersionLoggerListener.log 운영체제 이름:     Windows 10
15-Jan-2022 10:49:46.013 INFO [main] org.apache.catalina.startup.VersionLoggerListener.log 운영체제 버전:     10.0
15-Jan-2022 10:49:46.013 INFO [main] org.apache.catalina.startup.VersionLoggerListener.log 아키텍처:          amd64
15-Jan-2022 10:49:46.013 INFO [main] org.apache.catalina.startup.VersionLoggerListener.log 자바 홈:           C:\Program Files\Java\jdk-17.0.1
15-Jan-2022 10:49:46.013 INFO [main] org.apache.catalina.startup.VersionLoggerListener.log JVM 버전:          17.0.1+12-LTS-39
15-Jan-2022 10:49:46.013 INFO [main] org.apache.catalina.startup.VersionLoggerListener.log JVM 벤더:          Oracle Corporation
15-Jan-2022 10:49:46.013 INFO [main] org.apache.catalina.startup.VersionLoggerListener.log CATALINA_BASE:     C:\Users\s_rudwhd515\OneDrive - konkuk.ac.kr\Desktop\KONKUK\Programming\Back-End\NewLecture\tools\apache-tomcat-9.0.56
15-Jan-2022 10:49:46.013 INFO [main] org.apache.catalina.startup.VersionLoggerListener.log CATALINA_HOME:     C:\Users\s_rudwhd515\OneDrive - konkuk.ac.kr\Desktop\KONKUK\Programming\Back-End\NewLecture\tools\apache-tomcat-9.0.56
15-Jan-2022 10:49:46.013 INFO [main] org.apache.catalina.startup.VersionLoggerListener.log 명령 행 아규먼트:  --add-opens=java.base/java.lang=ALL-UNNAMED
15-Jan-2022 10:49:46.013 INFO [main] org.apache.catalina.startup.VersionLoggerListener.log 명령 행 아규먼트:  --add-opens=java.base/java.io=ALL-UNNAMED
15-Jan-2022 10:49:46.013 INFO [main] org.apache.catalina.startup.VersionLoggerListener.log 명령 행 아규먼트:  --add-opens=java.base/java.util=ALL-UNNAMED
15-Jan-2022 10:49:46.013 INFO [main] org.apache.catalina.startup.VersionLoggerListener.log 명령 행 아규먼트:  --add-opens=java.base/java.util.concurrent=ALL-UNNAMED
15-Jan-2022 10:49:46.013 INFO [main] org.apache.catalina.startup.VersionLoggerListener.log 명령 행 아규먼트:  --add-opens=java.rmi/sun.rmi.transport=ALL-UNNAMED
15-Jan-2022 10:49:46.013 INFO [main] org.apache.catalina.startup.VersionLoggerListener.log 명령 행 아규먼트:  -Djava.util.logging.config.file=C:\Users\s_rudwhd515\OneDrive - konkuk.ac.kr\Desktop\KONKUK\Programming\Back-End\NewLecture\tools\apache-tomcat-9.0.56\conf\logging.properties
15-Jan-2022 10:49:46.013 INFO [main] org.apache.catalina.startup.VersionLoggerListener.log 명령 행 아규먼트:  -Djava.util.logging.manager=org.apache.juli.ClassLoaderLogManager
15-Jan-2022 10:49:46.013 INFO [main] org.apache.catalina.startup.VersionLoggerListener.log 명령 행 아규먼트:  -Djdk.tls.ephemeralDHKeySize=2048
15-Jan-2022 10:49:46.013 INFO [main] org.apache.catalina.startup.VersionLoggerListener.log 명령 행 아규먼트:  -Djava.protocol.handler.pkgs=org.apache.catalina.webresources
15-Jan-2022 10:49:46.013 INFO [main] org.apache.catalina.startup.VersionLoggerListener.log 명령 행 아규먼트:  -Dignore.endorsed.dirs=
15-Jan-2022 10:49:46.013 INFO [main] org.apache.catalina.startup.VersionLoggerListener.log 명령 행 아규먼트:  -Dcatalina.base=C:\Users\s_rudwhd515\OneDrive - konkuk.ac.kr\Desktop\KONKUK\Programming\Back-End\NewLecture\tools\apache-tomcat-9.0.56
15-Jan-2022 10:49:46.013 INFO [main] org.apache.catalina.startup.VersionLoggerListener.log 명령 행 아규먼트:  -Dcatalina.home=C:\Users\s_rudwhd515\OneDrive - konkuk.ac.kr\Desktop\KONKUK\Programming\Back-End\NewLecture\tools\apache-tomcat-9.0.56
15-Jan-2022 10:49:46.013 INFO [main] org.apache.catalina.startup.VersionLoggerListener.log 명령 행 아규먼트:  -Djava.io.tmpdir=C:\Users\s_rudwhd515\OneDrive - konkuk.ac.kr\Desktop\KONKUK\Programming\Back-End\NewLecture\tools\apache-tomcat-9.0.56\temp
15-Jan-2022 10:49:46.023 INFO [main] org.apache.catalina.core.AprLifecycleListener.lifecycleEvent APR 버전 [1.7.0]을(를) 사용한, APR 기반 Apache Tomcat Native 라이브러리 [1.2.31]을(를) 로드했습니다.
15-Jan-2022 10:49:46.023 INFO [main] org.apache.catalina.core.AprLifecycleListener.lifecycleEvent APR 용량정보들: IPv6 [true], sendfile [true], accept filters [false], random [true], UDS [true].
15-Jan-2022 10:49:46.023 INFO [main] org.apache.catalina.core.AprLifecycleListener.lifecycleEvent APR/OpenSSL 설정: useAprConnector [false], useOpenSSL [true]
15-Jan-2022 10:49:46.034 INFO [main] org.apache.catalina.core.AprLifecycleListener.initializeSSL OpenSSL이 성공적으로 초기화되었습니다: [OpenSSL 1.1.1l  24 Aug 2021]
15-Jan-2022 10:49:46.275 INFO [main] org.apache.coyote.AbstractProtocol.init 프로토콜 핸들러 ["http-nio-8080"]을(를) 초기화합니다.
15-Jan-2022 10:49:46.299 INFO [main] org.apache.catalina.startup.Catalina.load [541] 밀리초 내에 서버가 초기화되었습니다.
15-Jan-2022 10:49:46.341 INFO [main] org.apache.catalina.core.StandardService.startInternal 서비스 [Catalina]을(를) 시작합니다.
15-Jan-2022 10:49:46.341 INFO [main] org.apache.catalina.core.StandardEngine.startInternal 서버 엔진을 시작합니다: [Apache Tomcat/9.0.56]
15-Jan-2022 10:49:46.612 INFO [main] org.apache.catalina.startup.HostConfig.deployDirectory 웹 애플리케이션 디렉토리 [C:\Users\s_rudwhd515\OneDrive - konkuk.ac.kr\Desktop\KONKUK\Programming\Back-End\NewLecture\tools\apache-tomcat-9.0.56\webapps\docs]을(를) 배치합니다.
15-Jan-2022 10:49:46.664 INFO [main] org.apache.catalina.startup.HostConfig.deployDirectory 웹 애플리케이션 디렉토리 [C:\Users\s_rudwhd515\OneDrive - konkuk.ac.kr\Desktop\KONKUK\Programming\Back-End\NewLecture\tools\apache-tomcat-9.0.56\webapps\docs]에 대한 배치가 [52] 밀리초에 완료되었습니다.
15-Jan-2022 10:49:46.670 INFO [main] org.apache.catalina.startup.HostConfig.deployDirectory 웹 애플리케이션 디렉토리 [C:\Users\s_rudwhd515\OneDrive - konkuk.ac.kr\Desktop\KONKUK\Programming\Back-End\NewLecture\tools\apache-tomcat-9.0.56\webapps\examples]을(를) 배치합니다.
15-Jan-2022 10:49:47.246 INFO [main] org.apache.catalina.startup.HostConfig.deployDirectory 웹 애플리케이션 디렉토리 [C:\Users\s_rudwhd515\OneDrive - konkuk.ac.kr\Desktop\KONKUK\Programming\Back-End\NewLecture\tools\apache-tomcat-9.0.56\webapps\examples]에 대한 배치가 [576] 밀리초에 완료되었습니다.
15-Jan-2022 10:49:47.249 INFO [main] org.apache.catalina.startup.HostConfig.deployDirectory 웹 애플리케이션 디렉토리 [C:\Users\s_rudwhd515\OneDrive - konkuk.ac.kr\Desktop\KONKUK\Programming\Back-End\NewLecture\tools\apache-tomcat-9.0.56\webapps\host-manager]을(를) 배치합니다.
15-Jan-2022 10:49:47.298 INFO [main] org.apache.catalina.startup.HostConfig.deployDirectory 웹 애플리케이션 디렉토리 [C:\Users\s_rudwhd515\OneDrive - konkuk.ac.kr\Desktop\KONKUK\Programming\Back-End\NewLecture\tools\apache-tomcat-9.0.56\webapps\host-manager]에 대한 배치가 [49] 밀리초에 완료되었습니다.
15-Jan-2022 10:49:47.298 INFO [main] org.apache.catalina.startup.HostConfig.deployDirectory 웹 애플리케이션 디렉토리 [C:\Users\s_rudwhd515\OneDrive - konkuk.ac.kr\Desktop\KONKUK\Programming\Back-End\NewLecture\tools\apache-tomcat-9.0.56\webapps\ITWeb]을(를) 배치합니다.
15-Jan-2022 10:49:47.330 INFO [main] org.apache.catalina.startup.HostConfig.deployDirectory 웹 애플리케이션 디렉토리 [C:\Users\s_rudwhd515\OneDrive - konkuk.ac.kr\Desktop\KONKUK\Programming\Back-End\NewLecture\tools\apache-tomcat-9.0.56\webapps\ITWeb]에 대한 배치가 [32] 밀리초에 완료되었습니다.
15-Jan-2022 10:49:47.330 INFO [main] org.apache.catalina.startup.HostConfig.deployDirectory 웹 애플리케이션 디렉토리 [C:\Users\s_rudwhd515\OneDrive - konkuk.ac.kr\Desktop\KONKUK\Programming\Back-End\NewLecture\tools\apache-tomcat-9.0.56\webapps\manager]을(를) 배치합니다.
15-Jan-2022 10:49:47.395 INFO [main] org.apache.catalina.startup.HostConfig.deployDirectory 웹 애플리케이션 디렉토리 [C:\Users\s_rudwhd515\OneDrive - konkuk.ac.kr\Desktop\KONKUK\Programming\Back-End\NewLecture\tools\apache-tomcat-9.0.56\webapps\manager]에 대한 배치가 [65] 밀리초에 완료되었습니다.
15-Jan-2022 10:49:47.395 INFO [main] org.apache.catalina.startup.HostConfig.deployDirectory 웹 애플리케이션 디렉토리 [C:\Users\s_rudwhd515\OneDrive - konkuk.ac.kr\Desktop\KONKUK\Programming\Back-End\NewLecture\tools\apache-tomcat-9.0.56\webapps\ROOT]을(를) 배치합니다.
15-Jan-2022 10:49:47.419 SEVERE [main] org.apache.catalina.startup.HostConfig.deployDirectory 웹 애플리케이션 디렉토리 [C:\Users\s_rudwhd515\OneDrive - konkuk.ac.kr\Desktop\KONKUK\Programming\Back-End\NewLecture\tools\apache-tomcat-9.0.56\webapps\ROOT]을(를) 배치하는 중 오류 발생
	java.lang.IllegalStateException: 자식 컨테이너를 시작하는 중 오류 발생
		at org.apache.catalina.core.ContainerBase.addChildInternal(ContainerBase.java:729)
		at org.apache.catalina.core.ContainerBase.addChild(ContainerBase.java:698)
		at org.apache.catalina.core.StandardHost.addChild(StandardHost.java:696)
		at org.apache.catalina.startup.HostConfig.deployDirectory(HostConfig.java:1185)
		at org.apache.catalina.startup.HostConfig$DeployDirectory.run(HostConfig.java:1933)
		at java.base/java.util.concurrent.Executors$RunnableAdapter.call(Executors.java:539)
		at java.base/java.util.concurrent.FutureTask.run(FutureTask.java:264)
		at org.apache.tomcat.util.threads.InlineExecutorService.execute(InlineExecutorService.java:75)
		at java.base/java.util.concurrent.AbstractExecutorService.submit(AbstractExecutorService.java:123)
		at org.apache.catalina.startup.HostConfig.deployDirectories(HostConfig.java:1095)
		at org.apache.catalina.startup.HostConfig.deployApps(HostConfig.java:477)
		at org.apache.catalina.startup.HostConfig.start(HostConfig.java:1618)
		at org.apache.catalina.startup.HostConfig.lifecycleEvent(HostConfig.java:319)
		at org.apache.catalina.util.LifecycleBase.fireLifecycleEvent(LifecycleBase.java:123)
		at org.apache.catalina.util.LifecycleBase.setStateInternal(LifecycleBase.java:423)
		at org.apache.catalina.util.LifecycleBase.setState(LifecycleBase.java:366)
		at org.apache.catalina.core.ContainerBase.startInternal(ContainerBase.java:946)
		at org.apache.catalina.core.StandardHost.startInternal(StandardHost.java:835)
		at org.apache.catalina.util.LifecycleBase.start(LifecycleBase.java:183)
		at org.apache.catalina.core.ContainerBase$StartChild.call(ContainerBase.java:1396)
		at org.apache.catalina.core.ContainerBase$StartChild.call(ContainerBase.java:1386)
		at java.base/java.util.concurrent.FutureTask.run(FutureTask.java:264)
		at org.apache.tomcat.util.threads.InlineExecutorService.execute(InlineExecutorService.java:75)
		at java.base/java.util.concurrent.AbstractExecutorService.submit(AbstractExecutorService.java:145)
		at org.apache.catalina.core.ContainerBase.startInternal(ContainerBase.java:919)
		at org.apache.catalina.core.StandardEngine.startInternal(StandardEngine.java:263)
		at org.apache.catalina.util.LifecycleBase.start(LifecycleBase.java:183)
		at org.apache.catalina.core.StandardService.startInternal(StandardService.java:432)
		at org.apache.catalina.util.LifecycleBase.start(LifecycleBase.java:183)
		at org.apache.catalina.core.StandardServer.startInternal(StandardServer.java:927)
		at org.apache.catalina.util.LifecycleBase.start(LifecycleBase.java:183)
		at org.apache.catalina.startup.Catalina.start(Catalina.java:772)
		at java.base/jdk.internal.reflect.NativeMethodAccessorImpl.invoke0(Native Method)
		at java.base/jdk.internal.reflect.NativeMethodAccessorImpl.invoke(NativeMethodAccessorImpl.java:77)
		at java.base/jdk.internal.reflect.DelegatingMethodAccessorImpl.invoke(DelegatingMethodAccessorImpl.java:43)
		at java.base/java.lang.reflect.Method.invoke(Method.java:568)
		at org.apache.catalina.startup.Bootstrap.start(Bootstrap.java:345)
		at org.apache.catalina.startup.Bootstrap.main(Bootstrap.java:476)
	Caused by: org.apache.catalina.LifecycleException: 구성요소 [StandardEngine[Catalina].StandardHost[localhost].StandardContext[]]을(를) 시작하지 못했습니다.
		at org.apache.catalina.util.LifecycleBase.handleSubClassException(LifecycleBase.java:440)
		at org.apache.catalina.util.LifecycleBase.start(LifecycleBase.java:198)
		at org.apache.catalina.core.ContainerBase.addChildInternal(ContainerBase.java:726)
		... 37 more
	Caused by: java.lang.IllegalArgumentException: 서블릿 매핑에서 유효하지 않은 <url-pattern> [hello]
		at org.apache.catalina.core.StandardContext.addServletMappingDecoded(StandardContext.java:3233)
		at org.apache.catalina.Context.addServletMappingDecoded(Context.java:905)
		at org.apache.catalina.startup.ContextConfig.configureContext(ContextConfig.java:1562)
		at org.apache.catalina.startup.ContextConfig.webConfig(ContextConfig.java:1335)
		at org.apache.catalina.startup.ContextConfig.configureStart(ContextConfig.java:986)
		at org.apache.catalina.startup.ContextConfig.lifecycleEvent(ContextConfig.java:303)
		at org.apache.catalina.util.LifecycleBase.fireLifecycleEvent(LifecycleBase.java:123)
		at org.apache.catalina.core.StandardContext.startInternal(StandardContext.java:5135)
		at org.apache.catalina.util.LifecycleBase.start(LifecycleBase.java:183)
		... 38 more
15-Jan-2022 10:49:47.430 INFO [main] org.apache.catalina.startup.HostConfig.deployDirectory 웹 애플리케이션 디렉토리 [C:\Users\s_rudwhd515\OneDrive - konkuk.ac.kr\Desktop\KONKUK\Programming\Back-End\NewLecture\tools\apache-tomcat-9.0.56\webapps\ROOT]에 대한 배치가 [35] 밀리초에 완료되었습니다.
15-Jan-2022 10:49:47.436 INFO [main] org.apache.coyote.AbstractProtocol.start 프로토콜 핸들러 ["http-nio-8080"]을(를) 시작합니다.
15-Jan-2022 10:49:47.489 INFO [main] org.apache.catalina.startup.Catalina.start 서버가 [1192] 밀리초 내에 시작되었습니다.
15-Jan-2022 10:53:13.796 WARNING [main] org.apache.catalina.core.StandardContext.setPath 컨텍스트 경로는 반드시 빈 문자열이거나, 또는 '/'로 시작하고 '/'로 끝나지 않는 문자열이어야 합니다. 해당 경로 [it]은(는) 이 조건을 충족시키지 않아 [/it](으)로 변경되었습니다.
15-Jan-2022 10:53:13.810 INFO [main] org.apache.catalina.startup.VersionLoggerListener.log 서버 버전 이름:    Apache Tomcat/9.0.56
15-Jan-2022 10:53:13.810 INFO [main] org.apache.catalina.startup.VersionLoggerListener.log Server 빌드 시각:  Dec 2 2021 14:30:07 UTC
15-Jan-2022 10:53:13.810 INFO [main] org.apache.catalina.startup.VersionLoggerListener.log Server 버전 번호:  9.0.56.0
15-Jan-2022 10:53:13.825 INFO [main] org.apache.catalina.startup.VersionLoggerListener.log 운영체제 이름:     Windows 10
15-Jan-2022 10:53:13.825 INFO [main] org.apache.catalina.startup.VersionLoggerListener.log 운영체제 버전:     10.0
15-Jan-2022 10:53:13.825 INFO [main] org.apache.catalina.startup.VersionLoggerListener.log 아키텍처:          amd64
15-Jan-2022 10:53:13.825 INFO [main] org.apache.catalina.startup.VersionLoggerListener.log 자바 홈:           C:\Program Files\Java\jdk-17.0.1
15-Jan-2022 10:53:13.825 INFO [main] org.apache.catalina.startup.VersionLoggerListener.log JVM 버전:          17.0.1+12-LTS-39
15-Jan-2022 10:53:13.825 INFO [main] org.apache.catalina.startup.VersionLoggerListener.log JVM 벤더:          Oracle Corporation
15-Jan-2022 10:53:13.825 INFO [main] org.apache.catalina.startup.VersionLoggerListener.log CATALINA_BASE:     C:\Users\s_rudwhd515\OneDrive - konkuk.ac.kr\Desktop\KONKUK\Programming\Back-End\NewLecture\tools\apache-tomcat-9.0.56
15-Jan-2022 10:53:13.825 INFO [main] org.apache.catalina.startup.VersionLoggerListener.log CATALINA_HOME:     C:\Users\s_rudwhd515\OneDrive - konkuk.ac.kr\Desktop\KONKUK\Programming\Back-End\NewLecture\tools\apache-tomcat-9.0.56
15-Jan-2022 10:53:13.825 INFO [main] org.apache.catalina.startup.VersionLoggerListener.log 명령 행 아규먼트:  --add-opens=java.base/java.lang=ALL-UNNAMED
15-Jan-2022 10:53:13.825 INFO [main] org.apache.catalina.startup.VersionLoggerListener.log 명령 행 아규먼트:  --add-opens=java.base/java.io=ALL-UNNAMED
15-Jan-2022 10:53:13.825 INFO [main] org.apache.catalina.startup.VersionLoggerListener.log 명령 행 아규먼트:  --add-opens=java.base/java.util=ALL-UNNAMED
15-Jan-2022 10:53:13.825 INFO [main] org.apache.catalina.startup.VersionLoggerListener.log 명령 행 아규먼트:  --add-opens=java.base/java.util.concurrent=ALL-UNNAMED
15-Jan-2022 10:53:13.825 INFO [main] org.apache.catalina.startup.VersionLoggerListener.log 명령 행 아규먼트:  --add-opens=java.rmi/sun.rmi.transport=ALL-UNNAMED
15-Jan-2022 10:53:13.825 INFO [main] org.apache.catalina.startup.VersionLoggerListener.log 명령 행 아규먼트:  -Djava.util.logging.config.file=C:\Users\s_rudwhd515\OneDrive - konkuk.ac.kr\Desktop\KONKUK\Programming\Back-End\NewLecture\tools\apache-tomcat-9.0.56\conf\logging.properties
15-Jan-2022 10:53:13.825 INFO [main] org.apache.catalina.startup.VersionLoggerListener.log 명령 행 아규먼트:  -Djava.util.logging.manager=org.apache.juli.ClassLoaderLogManager
15-Jan-2022 10:53:13.825 INFO [main] org.apache.catalina.startup.VersionLoggerListener.log 명령 행 아규먼트:  -Djdk.tls.ephemeralDHKeySize=2048
15-Jan-2022 10:53:13.825 INFO [main] org.apache.catalina.startup.VersionLoggerListener.log 명령 행 아규먼트:  -Djava.protocol.handler.pkgs=org.apache.catalina.webresources
15-Jan-2022 10:53:13.825 INFO [main] org.apache.catalina.startup.VersionLoggerListener.log 명령 행 아규먼트:  -Dignore.endorsed.dirs=
15-Jan-2022 10:53:13.825 INFO [main] org.apache.catalina.startup.VersionLoggerListener.log 명령 행 아규먼트:  -Dcatalina.base=C:\Users\s_rudwhd515\OneDrive - konkuk.ac.kr\Desktop\KONKUK\Programming\Back-End\NewLecture\tools\apache-tomcat-9.0.56
15-Jan-2022 10:53:13.825 INFO [main] org.apache.catalina.startup.VersionLoggerListener.log 명령 행 아규먼트:  -Dcatalina.home=C:\Users\s_rudwhd515\OneDrive - konkuk.ac.kr\Desktop\KONKUK\Programming\Back-End\NewLecture\tools\apache-tomcat-9.0.56
15-Jan-2022 10:53:13.825 INFO [main] org.apache.catalina.startup.VersionLoggerListener.log 명령 행 아규먼트:  -Djava.io.tmpdir=C:\Users\s_rudwhd515\OneDrive - konkuk.ac.kr\Desktop\KONKUK\Programming\Back-End\NewLecture\tools\apache-tomcat-9.0.56\temp
15-Jan-2022 10:53:13.825 INFO [main] org.apache.catalina.core.AprLifecycleListener.lifecycleEvent APR 버전 [1.7.0]을(를) 사용한, APR 기반 Apache Tomcat Native 라이브러리 [1.2.31]을(를) 로드했습니다.
15-Jan-2022 10:53:13.825 INFO [main] org.apache.catalina.core.AprLifecycleListener.lifecycleEvent APR 용량정보들: IPv6 [true], sendfile [true], accept filters [false], random [true], UDS [true].
15-Jan-2022 10:53:13.825 INFO [main] org.apache.catalina.core.AprLifecycleListener.lifecycleEvent APR/OpenSSL 설정: useAprConnector [false], useOpenSSL [true]
15-Jan-2022 10:53:13.842 INFO [main] org.apache.catalina.core.AprLifecycleListener.initializeSSL OpenSSL이 성공적으로 초기화되었습니다: [OpenSSL 1.1.1l  24 Aug 2021]
15-Jan-2022 10:53:14.074 INFO [main] org.apache.coyote.AbstractProtocol.init 프로토콜 핸들러 ["http-nio-8080"]을(를) 초기화합니다.
15-Jan-2022 10:53:14.090 INFO [main] org.apache.catalina.startup.Catalina.load [496] 밀리초 내에 서버가 초기화되었습니다.
15-Jan-2022 10:53:14.122 INFO [main] org.apache.catalina.core.StandardService.startInternal 서비스 [Catalina]을(를) 시작합니다.
15-Jan-2022 10:53:14.122 INFO [main] org.apache.catalina.core.StandardEngine.startInternal 서버 엔진을 시작합니다: [Apache Tomcat/9.0.56]
15-Jan-2022 10:53:14.401 INFO [main] org.apache.catalina.startup.HostConfig.deployDirectory 웹 애플리케이션 디렉토리 [C:\Users\s_rudwhd515\OneDrive - konkuk.ac.kr\Desktop\KONKUK\Programming\Back-End\NewLecture\tools\apache-tomcat-9.0.56\webapps\docs]을(를) 배치합니다.
15-Jan-2022 10:53:14.448 INFO [main] org.apache.catalina.startup.HostConfig.deployDirectory 웹 애플리케이션 디렉토리 [C:\Users\s_rudwhd515\OneDrive - konkuk.ac.kr\Desktop\KONKUK\Programming\Back-End\NewLecture\tools\apache-tomcat-9.0.56\webapps\docs]에 대한 배치가 [47] 밀리초에 완료되었습니다.
15-Jan-2022 10:53:14.448 INFO [main] org.apache.catalina.startup.HostConfig.deployDirectory 웹 애플리케이션 디렉토리 [C:\Users\s_rudwhd515\OneDrive - konkuk.ac.kr\Desktop\KONKUK\Programming\Back-End\NewLecture\tools\apache-tomcat-9.0.56\webapps\examples]을(를) 배치합니다.
15-Jan-2022 10:53:14.997 INFO [main] org.apache.catalina.startup.HostConfig.deployDirectory 웹 애플리케이션 디렉토리 [C:\Users\s_rudwhd515\OneDrive - konkuk.ac.kr\Desktop\KONKUK\Programming\Back-End\NewLecture\tools\apache-tomcat-9.0.56\webapps\examples]에 대한 배치가 [549] 밀리초에 완료되었습니다.
15-Jan-2022 10:53:14.997 INFO [main] org.apache.catalina.startup.HostConfig.deployDirectory 웹 애플리케이션 디렉토리 [C:\Users\s_rudwhd515\OneDrive - konkuk.ac.kr\Desktop\KONKUK\Programming\Back-End\NewLecture\tools\apache-tomcat-9.0.56\webapps\host-manager]을(를) 배치합니다.
15-Jan-2022 10:53:15.061 INFO [main] org.apache.catalina.startup.HostConfig.deployDirectory 웹 애플리케이션 디렉토리 [C:\Users\s_rudwhd515\OneDrive - konkuk.ac.kr\Desktop\KONKUK\Programming\Back-End\NewLecture\tools\apache-tomcat-9.0.56\webapps\host-manager]에 대한 배치가 [64] 밀리초에 완료되었습니다.
15-Jan-2022 10:53:15.061 INFO [main] org.apache.catalina.startup.HostConfig.deployDirectory 웹 애플리케이션 디렉토리 [C:\Users\s_rudwhd515\OneDrive - konkuk.ac.kr\Desktop\KONKUK\Programming\Back-End\NewLecture\tools\apache-tomcat-9.0.56\webapps\ITWeb]을(를) 배치합니다.
15-Jan-2022 10:53:15.095 INFO [main] org.apache.catalina.startup.HostConfig.deployDirectory 웹 애플리케이션 디렉토리 [C:\Users\s_rudwhd515\OneDrive - konkuk.ac.kr\Desktop\KONKUK\Programming\Back-End\NewLecture\tools\apache-tomcat-9.0.56\webapps\ITWeb]에 대한 배치가 [34] 밀리초에 완료되었습니다.
15-Jan-2022 10:53:15.097 INFO [main] org.apache.catalina.startup.HostConfig.deployDirectory 웹 애플리케이션 디렉토리 [C:\Users\s_rudwhd515\OneDrive - konkuk.ac.kr\Desktop\KONKUK\Programming\Back-End\NewLecture\tools\apache-tomcat-9.0.56\webapps\manager]을(를) 배치합니다.
15-Jan-2022 10:53:15.150 INFO [main] org.apache.catalina.startup.HostConfig.deployDirectory 웹 애플리케이션 디렉토리 [C:\Users\s_rudwhd515\OneDrive - konkuk.ac.kr\Desktop\KONKUK\Programming\Back-End\NewLecture\tools\apache-tomcat-9.0.56\webapps\manager]에 대한 배치가 [53] 밀리초에 완료되었습니다.
15-Jan-2022 10:53:15.150 INFO [main] org.apache.catalina.startup.HostConfig.deployDirectory 웹 애플리케이션 디렉토리 [C:\Users\s_rudwhd515\OneDrive - konkuk.ac.kr\Desktop\KONKUK\Programming\Back-End\NewLecture\tools\apache-tomcat-9.0.56\webapps\ROOT]을(를) 배치합니다.
15-Jan-2022 10:53:15.205 INFO [main] org.apache.catalina.startup.HostConfig.deployDirectory 웹 애플리케이션 디렉토리 [C:\Users\s_rudwhd515\OneDrive - konkuk.ac.kr\Desktop\KONKUK\Programming\Back-End\NewLecture\tools\apache-tomcat-9.0.56\webapps\ROOT]에 대한 배치가 [55] 밀리초에 완료되었습니다.
15-Jan-2022 10:53:15.205 INFO [main] org.apache.coyote.AbstractProtocol.start 프로토콜 핸들러 ["http-nio-8080"]을(를) 시작합니다.
15-Jan-2022 10:53:15.289 INFO [main] org.apache.catalina.startup.Catalina.start 서버가 [1191] 밀리초 내에 시작되었습니다.
