14-Jan-2022 21:36:56.861 INFO [main] org.apache.catalina.startup.VersionLoggerListener.log 서버 버전 이름:    Apache Tomcat/9.0.56
14-Jan-2022 21:36:56.873 INFO [main] org.apache.catalina.startup.VersionLoggerListener.log Server 빌드 시각:  Dec 2 2021 14:30:07 UTC
14-Jan-2022 21:36:56.873 INFO [main] org.apache.catalina.startup.VersionLoggerListener.log Server 버전 번호:  9.0.56.0
14-Jan-2022 21:36:56.873 INFO [main] org.apache.catalina.startup.VersionLoggerListener.log 운영체제 이름:     Windows 10
14-Jan-2022 21:36:56.873 INFO [main] org.apache.catalina.startup.VersionLoggerListener.log 운영체제 버전:     10.0
14-Jan-2022 21:36:56.873 INFO [main] org.apache.catalina.startup.VersionLoggerListener.log 아키텍처:          amd64
14-Jan-2022 21:36:56.873 INFO [main] org.apache.catalina.startup.VersionLoggerListener.log 자바 홈:           C:\Program Files\Java\jdk-17.0.1
14-Jan-2022 21:36:56.873 INFO [main] org.apache.catalina.startup.VersionLoggerListener.log JVM 버전:          17.0.1+12-LTS-39
14-Jan-2022 21:36:56.873 INFO [main] org.apache.catalina.startup.VersionLoggerListener.log JVM 벤더:          Oracle Corporation
14-Jan-2022 21:36:56.873 INFO [main] org.apache.catalina.startup.VersionLoggerListener.log CATALINA_BASE:     C:\Users\s_rudwhd515\OneDrive - konkuk.ac.kr\Desktop\KONKUK\Programming\Back-End\NewLecture\tools\apache-tomcat-9.0.56
14-Jan-2022 21:36:56.875 INFO [main] org.apache.catalina.startup.VersionLoggerListener.log CATALINA_HOME:     C:\Users\s_rudwhd515\OneDrive - konkuk.ac.kr\Desktop\KONKUK\Programming\Back-End\NewLecture\tools\apache-tomcat-9.0.56
14-Jan-2022 21:36:56.881 INFO [main] org.apache.catalina.startup.VersionLoggerListener.log 명령 행 아규먼트:  --add-opens=java.base/java.lang=ALL-UNNAMED
14-Jan-2022 21:36:56.881 INFO [main] org.apache.catalina.startup.VersionLoggerListener.log 명령 행 아규먼트:  --add-opens=java.base/java.io=ALL-UNNAMED
14-Jan-2022 21:36:56.881 INFO [main] org.apache.catalina.startup.VersionLoggerListener.log 명령 행 아규먼트:  --add-opens=java.base/java.util=ALL-UNNAMED
14-Jan-2022 21:36:56.881 INFO [main] org.apache.catalina.startup.VersionLoggerListener.log 명령 행 아규먼트:  --add-opens=java.base/java.util.concurrent=ALL-UNNAMED
14-Jan-2022 21:36:56.881 INFO [main] org.apache.catalina.startup.VersionLoggerListener.log 명령 행 아규먼트:  --add-opens=java.rmi/sun.rmi.transport=ALL-UNNAMED
14-Jan-2022 21:36:56.881 INFO [main] org.apache.catalina.startup.VersionLoggerListener.log 명령 행 아규먼트:  -Djava.util.logging.config.file=C:\Users\s_rudwhd515\OneDrive - konkuk.ac.kr\Desktop\KONKUK\Programming\Back-End\NewLecture\tools\apache-tomcat-9.0.56\conf\logging.properties
14-Jan-2022 21:36:56.881 INFO [main] org.apache.catalina.startup.VersionLoggerListener.log 명령 행 아규먼트:  -Djava.util.logging.manager=org.apache.juli.ClassLoaderLogManager
14-Jan-2022 21:36:56.881 INFO [main] org.apache.catalina.startup.VersionLoggerListener.log 명령 행 아규먼트:  -Djdk.tls.ephemeralDHKeySize=2048
14-Jan-2022 21:36:56.881 INFO [main] org.apache.catalina.startup.VersionLoggerListener.log 명령 행 아규먼트:  -Djava.protocol.handler.pkgs=org.apache.catalina.webresources
14-Jan-2022 21:36:56.881 INFO [main] org.apache.catalina.startup.VersionLoggerListener.log 명령 행 아규먼트:  -Dignore.endorsed.dirs=
14-Jan-2022 21:36:56.881 INFO [main] org.apache.catalina.startup.VersionLoggerListener.log 명령 행 아규먼트:  -Dcatalina.base=C:\Users\s_rudwhd515\OneDrive - konkuk.ac.kr\Desktop\KONKUK\Programming\Back-End\NewLecture\tools\apache-tomcat-9.0.56
14-Jan-2022 21:36:56.881 INFO [main] org.apache.catalina.startup.VersionLoggerListener.log 명령 행 아규먼트:  -Dcatalina.home=C:\Users\s_rudwhd515\OneDrive - konkuk.ac.kr\Desktop\KONKUK\Programming\Back-End\NewLecture\tools\apache-tomcat-9.0.56
14-Jan-2022 21:36:56.881 INFO [main] org.apache.catalina.startup.VersionLoggerListener.log 명령 행 아규먼트:  -Djava.io.tmpdir=C:\Users\s_rudwhd515\OneDrive - konkuk.ac.kr\Desktop\KONKUK\Programming\Back-End\NewLecture\tools\apache-tomcat-9.0.56\temp
14-Jan-2022 21:36:56.893 INFO [main] org.apache.catalina.core.AprLifecycleListener.lifecycleEvent APR 버전 [1.7.0]을(를) 사용한, APR 기반 Apache Tomcat Native 라이브러리 [1.2.31]을(를) 로드했습니다.
14-Jan-2022 21:36:56.893 INFO [main] org.apache.catalina.core.AprLifecycleListener.lifecycleEvent APR 용량정보들: IPv6 [true], sendfile [true], accept filters [false], random [true], UDS [true].
14-Jan-2022 21:36:56.893 INFO [main] org.apache.catalina.core.AprLifecycleListener.lifecycleEvent APR/OpenSSL 설정: useAprConnector [false], useOpenSSL [true]
14-Jan-2022 21:36:56.901 INFO [main] org.apache.catalina.core.AprLifecycleListener.initializeSSL OpenSSL이 성공적으로 초기화되었습니다: [OpenSSL 1.1.1l  24 Aug 2021]
14-Jan-2022 21:36:57.189 INFO [main] org.apache.coyote.AbstractProtocol.init 프로토콜 핸들러 ["http-nio-8080"]을(를) 초기화합니다.
14-Jan-2022 21:36:57.220 INFO [main] org.apache.catalina.startup.Catalina.load [559] 밀리초 내에 서버가 초기화되었습니다.
14-Jan-2022 21:36:57.273 INFO [main] org.apache.catalina.core.StandardService.startInternal 서비스 [Catalina]을(를) 시작합니다.
14-Jan-2022 21:36:57.278 INFO [main] org.apache.catalina.core.StandardEngine.startInternal 서버 엔진을 시작합니다: [Apache Tomcat/9.0.56]
14-Jan-2022 21:36:57.289 INFO [main] org.apache.catalina.startup.HostConfig.deployDirectory 웹 애플리케이션 디렉토리 [C:\Users\s_rudwhd515\OneDrive - konkuk.ac.kr\Desktop\KONKUK\Programming\Back-End\NewLecture\tools\apache-tomcat-9.0.56\webapps\docs]을(를) 배치합니다.
14-Jan-2022 21:36:57.582 INFO [main] org.apache.catalina.startup.HostConfig.deployDirectory 웹 애플리케이션 디렉토리 [C:\Users\s_rudwhd515\OneDrive - konkuk.ac.kr\Desktop\KONKUK\Programming\Back-End\NewLecture\tools\apache-tomcat-9.0.56\webapps\docs]에 대한 배치가 [293] 밀리초에 완료되었습니다.
14-Jan-2022 21:36:57.586 INFO [main] org.apache.catalina.startup.HostConfig.deployDirectory 웹 애플리케이션 디렉토리 [C:\Users\s_rudwhd515\OneDrive - konkuk.ac.kr\Desktop\KONKUK\Programming\Back-End\NewLecture\tools\apache-tomcat-9.0.56\webapps\examples]을(를) 배치합니다.
14-Jan-2022 21:36:58.032 INFO [main] org.apache.catalina.startup.HostConfig.deployDirectory 웹 애플리케이션 디렉토리 [C:\Users\s_rudwhd515\OneDrive - konkuk.ac.kr\Desktop\KONKUK\Programming\Back-End\NewLecture\tools\apache-tomcat-9.0.56\webapps\examples]에 대한 배치가 [446] 밀리초에 완료되었습니다.
14-Jan-2022 21:36:58.032 INFO [main] org.apache.catalina.startup.HostConfig.deployDirectory 웹 애플리케이션 디렉토리 [C:\Users\s_rudwhd515\OneDrive - konkuk.ac.kr\Desktop\KONKUK\Programming\Back-End\NewLecture\tools\apache-tomcat-9.0.56\webapps\host-manager]을(를) 배치합니다.
14-Jan-2022 21:36:58.086 INFO [main] org.apache.catalina.startup.HostConfig.deployDirectory 웹 애플리케이션 디렉토리 [C:\Users\s_rudwhd515\OneDrive - konkuk.ac.kr\Desktop\KONKUK\Programming\Back-End\NewLecture\tools\apache-tomcat-9.0.56\webapps\host-manager]에 대한 배치가 [54] 밀리초에 완료되었습니다.
14-Jan-2022 21:36:58.086 INFO [main] org.apache.catalina.startup.HostConfig.deployDirectory 웹 애플리케이션 디렉토리 [C:\Users\s_rudwhd515\OneDrive - konkuk.ac.kr\Desktop\KONKUK\Programming\Back-End\NewLecture\tools\apache-tomcat-9.0.56\webapps\manager]을(를) 배치합니다.
14-Jan-2022 21:36:58.143 INFO [main] org.apache.catalina.startup.HostConfig.deployDirectory 웹 애플리케이션 디렉토리 [C:\Users\s_rudwhd515\OneDrive - konkuk.ac.kr\Desktop\KONKUK\Programming\Back-End\NewLecture\tools\apache-tomcat-9.0.56\webapps\manager]에 대한 배치가 [57] 밀리초에 완료되었습니다.
14-Jan-2022 21:36:58.146 INFO [main] org.apache.catalina.startup.HostConfig.deployDirectory 웹 애플리케이션 디렉토리 [C:\Users\s_rudwhd515\OneDrive - konkuk.ac.kr\Desktop\KONKUK\Programming\Back-End\NewLecture\tools\apache-tomcat-9.0.56\webapps\ROOT]을(를) 배치합니다.
14-Jan-2022 21:36:58.181 INFO [main] org.apache.catalina.startup.HostConfig.deployDirectory 웹 애플리케이션 디렉토리 [C:\Users\s_rudwhd515\OneDrive - konkuk.ac.kr\Desktop\KONKUK\Programming\Back-End\NewLecture\tools\apache-tomcat-9.0.56\webapps\ROOT]에 대한 배치가 [36] 밀리초에 완료되었습니다.
14-Jan-2022 21:36:58.186 INFO [main] org.apache.coyote.AbstractProtocol.start 프로토콜 핸들러 ["http-nio-8080"]을(를) 시작합니다.
14-Jan-2022 21:36:58.263 INFO [main] org.apache.catalina.startup.Catalina.start 서버가 [1037] 밀리초 내에 시작되었습니다.
14-Jan-2022 21:39:11.622 INFO [main] org.apache.catalina.startup.VersionLoggerListener.log 서버 버전 이름:    Apache Tomcat/9.0.56
14-Jan-2022 21:39:11.631 INFO [main] org.apache.catalina.startup.VersionLoggerListener.log Server 빌드 시각:  Dec 2 2021 14:30:07 UTC
14-Jan-2022 21:39:11.631 INFO [main] org.apache.catalina.startup.VersionLoggerListener.log Server 버전 번호:  9.0.56.0
14-Jan-2022 21:39:11.631 INFO [main] org.apache.catalina.startup.VersionLoggerListener.log 운영체제 이름:     Windows 10
14-Jan-2022 21:39:11.633 INFO [main] org.apache.catalina.startup.VersionLoggerListener.log 운영체제 버전:     10.0
14-Jan-2022 21:39:11.633 INFO [main] org.apache.catalina.startup.VersionLoggerListener.log 아키텍처:          amd64
14-Jan-2022 21:39:11.633 INFO [main] org.apache.catalina.startup.VersionLoggerListener.log 자바 홈:           C:\Program Files\Java\jdk-17.0.1
14-Jan-2022 21:39:11.633 INFO [main] org.apache.catalina.startup.VersionLoggerListener.log JVM 버전:          17.0.1+12-LTS-39
14-Jan-2022 21:39:11.633 INFO [main] org.apache.catalina.startup.VersionLoggerListener.log JVM 벤더:          Oracle Corporation
14-Jan-2022 21:39:11.633 INFO [main] org.apache.catalina.startup.VersionLoggerListener.log CATALINA_BASE:     C:\Users\s_rudwhd515\OneDrive - konkuk.ac.kr\Desktop\KONKUK\Programming\Back-End\NewLecture\tools\apache-tomcat-9.0.56
14-Jan-2022 21:39:11.633 INFO [main] org.apache.catalina.startup.VersionLoggerListener.log CATALINA_HOME:     C:\Users\s_rudwhd515\OneDrive - konkuk.ac.kr\Desktop\KONKUK\Programming\Back-End\NewLecture\tools\apache-tomcat-9.0.56
14-Jan-2022 21:39:11.639 INFO [main] org.apache.catalina.startup.VersionLoggerListener.log 명령 행 아규먼트:  --add-opens=java.base/java.lang=ALL-UNNAMED
14-Jan-2022 21:39:11.639 INFO [main] org.apache.catalina.startup.VersionLoggerListener.log 명령 행 아규먼트:  --add-opens=java.base/java.io=ALL-UNNAMED
14-Jan-2022 21:39:11.642 INFO [main] org.apache.catalina.startup.VersionLoggerListener.log 명령 행 아규먼트:  --add-opens=java.base/java.util=ALL-UNNAMED
14-Jan-2022 21:39:11.642 INFO [main] org.apache.catalina.startup.VersionLoggerListener.log 명령 행 아규먼트:  --add-opens=java.base/java.util.concurrent=ALL-UNNAMED
14-Jan-2022 21:39:11.642 INFO [main] org.apache.catalina.startup.VersionLoggerListener.log 명령 행 아규먼트:  --add-opens=java.rmi/sun.rmi.transport=ALL-UNNAMED
14-Jan-2022 21:39:11.642 INFO [main] org.apache.catalina.startup.VersionLoggerListener.log 명령 행 아규먼트:  -Djava.util.logging.config.file=C:\Users\s_rudwhd515\OneDrive - konkuk.ac.kr\Desktop\KONKUK\Programming\Back-End\NewLecture\tools\apache-tomcat-9.0.56\conf\logging.properties
14-Jan-2022 21:39:11.642 INFO [main] org.apache.catalina.startup.VersionLoggerListener.log 명령 행 아규먼트:  -Djava.util.logging.manager=org.apache.juli.ClassLoaderLogManager
14-Jan-2022 21:39:11.642 INFO [main] org.apache.catalina.startup.VersionLoggerListener.log 명령 행 아규먼트:  -Djdk.tls.ephemeralDHKeySize=2048
14-Jan-2022 21:39:11.642 INFO [main] org.apache.catalina.startup.VersionLoggerListener.log 명령 행 아규먼트:  -Djava.protocol.handler.pkgs=org.apache.catalina.webresources
14-Jan-2022 21:39:11.642 INFO [main] org.apache.catalina.startup.VersionLoggerListener.log 명령 행 아규먼트:  -Dignore.endorsed.dirs=
14-Jan-2022 21:39:11.642 INFO [main] org.apache.catalina.startup.VersionLoggerListener.log 명령 행 아규먼트:  -Dcatalina.base=C:\Users\s_rudwhd515\OneDrive - konkuk.ac.kr\Desktop\KONKUK\Programming\Back-End\NewLecture\tools\apache-tomcat-9.0.56
14-Jan-2022 21:39:11.642 INFO [main] org.apache.catalina.startup.VersionLoggerListener.log 명령 행 아규먼트:  -Dcatalina.home=C:\Users\s_rudwhd515\OneDrive - konkuk.ac.kr\Desktop\KONKUK\Programming\Back-End\NewLecture\tools\apache-tomcat-9.0.56
14-Jan-2022 21:39:11.642 INFO [main] org.apache.catalina.startup.VersionLoggerListener.log 명령 행 아규먼트:  -Djava.io.tmpdir=C:\Users\s_rudwhd515\OneDrive - konkuk.ac.kr\Desktop\KONKUK\Programming\Back-End\NewLecture\tools\apache-tomcat-9.0.56\temp
14-Jan-2022 21:39:11.650 INFO [main] org.apache.catalina.core.AprLifecycleListener.lifecycleEvent APR 버전 [1.7.0]을(를) 사용한, APR 기반 Apache Tomcat Native 라이브러리 [1.2.31]을(를) 로드했습니다.
14-Jan-2022 21:39:11.650 INFO [main] org.apache.catalina.core.AprLifecycleListener.lifecycleEvent APR 용량정보들: IPv6 [true], sendfile [true], accept filters [false], random [true], UDS [true].
14-Jan-2022 21:39:11.650 INFO [main] org.apache.catalina.core.AprLifecycleListener.lifecycleEvent APR/OpenSSL 설정: useAprConnector [false], useOpenSSL [true]
14-Jan-2022 21:39:11.650 INFO [main] org.apache.catalina.core.AprLifecycleListener.initializeSSL OpenSSL이 성공적으로 초기화되었습니다: [OpenSSL 1.1.1l  24 Aug 2021]
14-Jan-2022 21:39:11.882 INFO [main] org.apache.coyote.AbstractProtocol.init 프로토콜 핸들러 ["http-nio-8080"]을(를) 초기화합니다.
14-Jan-2022 21:39:11.906 INFO [main] org.apache.catalina.startup.Catalina.load [457] 밀리초 내에 서버가 초기화되었습니다.
14-Jan-2022 21:39:11.946 INFO [main] org.apache.catalina.core.StandardService.startInternal 서비스 [Catalina]을(를) 시작합니다.
14-Jan-2022 21:39:11.946 INFO [main] org.apache.catalina.core.StandardEngine.startInternal 서버 엔진을 시작합니다: [Apache Tomcat/9.0.56]
14-Jan-2022 21:39:11.958 INFO [main] org.apache.catalina.startup.HostConfig.deployDirectory 웹 애플리케이션 디렉토리 [C:\Users\s_rudwhd515\OneDrive - konkuk.ac.kr\Desktop\KONKUK\Programming\Back-End\NewLecture\tools\apache-tomcat-9.0.56\webapps\docs]을(를) 배치합니다.
14-Jan-2022 21:39:12.260 INFO [main] org.apache.catalina.startup.HostConfig.deployDirectory 웹 애플리케이션 디렉토리 [C:\Users\s_rudwhd515\OneDrive - konkuk.ac.kr\Desktop\KONKUK\Programming\Back-End\NewLecture\tools\apache-tomcat-9.0.56\webapps\docs]에 대한 배치가 [300] 밀리초에 완료되었습니다.
14-Jan-2022 21:39:12.261 INFO [main] org.apache.catalina.startup.HostConfig.deployDirectory 웹 애플리케이션 디렉토리 [C:\Users\s_rudwhd515\OneDrive - konkuk.ac.kr\Desktop\KONKUK\Programming\Back-End\NewLecture\tools\apache-tomcat-9.0.56\webapps\examples]을(를) 배치합니다.
14-Jan-2022 21:39:12.780 INFO [main] org.apache.catalina.startup.HostConfig.deployDirectory 웹 애플리케이션 디렉토리 [C:\Users\s_rudwhd515\OneDrive - konkuk.ac.kr\Desktop\KONKUK\Programming\Back-End\NewLecture\tools\apache-tomcat-9.0.56\webapps\examples]에 대한 배치가 [519] 밀리초에 완료되었습니다.
14-Jan-2022 21:39:12.780 INFO [main] org.apache.catalina.startup.HostConfig.deployDirectory 웹 애플리케이션 디렉토리 [C:\Users\s_rudwhd515\OneDrive - konkuk.ac.kr\Desktop\KONKUK\Programming\Back-End\NewLecture\tools\apache-tomcat-9.0.56\webapps\host-manager]을(를) 배치합니다.
14-Jan-2022 21:39:12.831 INFO [main] org.apache.catalina.startup.HostConfig.deployDirectory 웹 애플리케이션 디렉토리 [C:\Users\s_rudwhd515\OneDrive - konkuk.ac.kr\Desktop\KONKUK\Programming\Back-End\NewLecture\tools\apache-tomcat-9.0.56\webapps\host-manager]에 대한 배치가 [51] 밀리초에 완료되었습니다.
14-Jan-2022 21:39:12.831 INFO [main] org.apache.catalina.startup.HostConfig.deployDirectory 웹 애플리케이션 디렉토리 [C:\Users\s_rudwhd515\OneDrive - konkuk.ac.kr\Desktop\KONKUK\Programming\Back-End\NewLecture\tools\apache-tomcat-9.0.56\webapps\manager]을(를) 배치합니다.
14-Jan-2022 21:39:12.895 INFO [main] org.apache.catalina.startup.HostConfig.deployDirectory 웹 애플리케이션 디렉토리 [C:\Users\s_rudwhd515\OneDrive - konkuk.ac.kr\Desktop\KONKUK\Programming\Back-End\NewLecture\tools\apache-tomcat-9.0.56\webapps\manager]에 대한 배치가 [64] 밀리초에 완료되었습니다.
14-Jan-2022 21:39:12.895 INFO [main] org.apache.catalina.startup.HostConfig.deployDirectory 웹 애플리케이션 디렉토리 [C:\Users\s_rudwhd515\OneDrive - konkuk.ac.kr\Desktop\KONKUK\Programming\Back-End\NewLecture\tools\apache-tomcat-9.0.56\webapps\ROOT]을(를) 배치합니다.
14-Jan-2022 21:39:12.941 INFO [main] org.apache.catalina.startup.HostConfig.deployDirectory 웹 애플리케이션 디렉토리 [C:\Users\s_rudwhd515\OneDrive - konkuk.ac.kr\Desktop\KONKUK\Programming\Back-End\NewLecture\tools\apache-tomcat-9.0.56\webapps\ROOT]에 대한 배치가 [46] 밀리초에 완료되었습니다.
14-Jan-2022 21:39:12.947 INFO [main] org.apache.coyote.AbstractProtocol.start 프로토콜 핸들러 ["http-nio-8080"]을(를) 시작합니다.
14-Jan-2022 21:39:13.012 INFO [main] org.apache.catalina.startup.Catalina.start 서버가 [1107] 밀리초 내에 시작되었습니다.
14-Jan-2022 21:41:42.078 INFO [main] org.apache.catalina.startup.VersionLoggerListener.log 서버 버전 이름:    Apache Tomcat/9.0.56
14-Jan-2022 21:41:42.088 INFO [main] org.apache.catalina.startup.VersionLoggerListener.log Server 빌드 시각:  Dec 2 2021 14:30:07 UTC
14-Jan-2022 21:41:42.088 INFO [main] org.apache.catalina.startup.VersionLoggerListener.log Server 버전 번호:  9.0.56.0
14-Jan-2022 21:41:42.088 INFO [main] org.apache.catalina.startup.VersionLoggerListener.log 운영체제 이름:     Windows 10
14-Jan-2022 21:41:42.088 INFO [main] org.apache.catalina.startup.VersionLoggerListener.log 운영체제 버전:     10.0
14-Jan-2022 21:41:42.088 INFO [main] org.apache.catalina.startup.VersionLoggerListener.log 아키텍처:          amd64
14-Jan-2022 21:41:42.088 INFO [main] org.apache.catalina.startup.VersionLoggerListener.log 자바 홈:           C:\Program Files\Java\jdk-17.0.1
14-Jan-2022 21:41:42.088 INFO [main] org.apache.catalina.startup.VersionLoggerListener.log JVM 버전:          17.0.1+12-LTS-39
14-Jan-2022 21:41:42.088 INFO [main] org.apache.catalina.startup.VersionLoggerListener.log JVM 벤더:          Oracle Corporation
14-Jan-2022 21:41:42.088 INFO [main] org.apache.catalina.startup.VersionLoggerListener.log CATALINA_BASE:     C:\Users\s_rudwhd515\OneDrive - konkuk.ac.kr\Desktop\KONKUK\Programming\Back-End\NewLecture\tools\apache-tomcat-9.0.56
14-Jan-2022 21:41:42.088 INFO [main] org.apache.catalina.startup.VersionLoggerListener.log CATALINA_HOME:     C:\Users\s_rudwhd515\OneDrive - konkuk.ac.kr\Desktop\KONKUK\Programming\Back-End\NewLecture\tools\apache-tomcat-9.0.56
14-Jan-2022 21:41:42.097 INFO [main] org.apache.catalina.startup.VersionLoggerListener.log 명령 행 아규먼트:  --add-opens=java.base/java.lang=ALL-UNNAMED
14-Jan-2022 21:41:42.097 INFO [main] org.apache.catalina.startup.VersionLoggerListener.log 명령 행 아규먼트:  --add-opens=java.base/java.io=ALL-UNNAMED
14-Jan-2022 21:41:42.097 INFO [main] org.apache.catalina.startup.VersionLoggerListener.log 명령 행 아규먼트:  --add-opens=java.base/java.util=ALL-UNNAMED
14-Jan-2022 21:41:42.097 INFO [main] org.apache.catalina.startup.VersionLoggerListener.log 명령 행 아규먼트:  --add-opens=java.base/java.util.concurrent=ALL-UNNAMED
14-Jan-2022 21:41:42.097 INFO [main] org.apache.catalina.startup.VersionLoggerListener.log 명령 행 아규먼트:  --add-opens=java.rmi/sun.rmi.transport=ALL-UNNAMED
14-Jan-2022 21:41:42.097 INFO [main] org.apache.catalina.startup.VersionLoggerListener.log 명령 행 아규먼트:  -Djava.util.logging.config.file=C:\Users\s_rudwhd515\OneDrive - konkuk.ac.kr\Desktop\KONKUK\Programming\Back-End\NewLecture\tools\apache-tomcat-9.0.56\conf\logging.properties
14-Jan-2022 21:41:42.097 INFO [main] org.apache.catalina.startup.VersionLoggerListener.log 명령 행 아규먼트:  -Djava.util.logging.manager=org.apache.juli.ClassLoaderLogManager
14-Jan-2022 21:41:42.097 INFO [main] org.apache.catalina.startup.VersionLoggerListener.log 명령 행 아규먼트:  -Djdk.tls.ephemeralDHKeySize=2048
14-Jan-2022 21:41:42.097 INFO [main] org.apache.catalina.startup.VersionLoggerListener.log 명령 행 아규먼트:  -Djava.protocol.handler.pkgs=org.apache.catalina.webresources
14-Jan-2022 21:41:42.097 INFO [main] org.apache.catalina.startup.VersionLoggerListener.log 명령 행 아규먼트:  -Dignore.endorsed.dirs=
14-Jan-2022 21:41:42.097 INFO [main] org.apache.catalina.startup.VersionLoggerListener.log 명령 행 아규먼트:  -Dcatalina.base=C:\Users\s_rudwhd515\OneDrive - konkuk.ac.kr\Desktop\KONKUK\Programming\Back-End\NewLecture\tools\apache-tomcat-9.0.56
14-Jan-2022 21:41:42.105 INFO [main] org.apache.catalina.startup.VersionLoggerListener.log 명령 행 아규먼트:  -Dcatalina.home=C:\Users\s_rudwhd515\OneDrive - konkuk.ac.kr\Desktop\KONKUK\Programming\Back-End\NewLecture\tools\apache-tomcat-9.0.56
14-Jan-2022 21:41:42.105 INFO [main] org.apache.catalina.startup.VersionLoggerListener.log 명령 행 아규먼트:  -Djava.io.tmpdir=C:\Users\s_rudwhd515\OneDrive - konkuk.ac.kr\Desktop\KONKUK\Programming\Back-End\NewLecture\tools\apache-tomcat-9.0.56\temp
14-Jan-2022 21:41:42.109 INFO [main] org.apache.catalina.core.AprLifecycleListener.lifecycleEvent APR 버전 [1.7.0]을(를) 사용한, APR 기반 Apache Tomcat Native 라이브러리 [1.2.31]을(를) 로드했습니다.
14-Jan-2022 21:41:42.109 INFO [main] org.apache.catalina.core.AprLifecycleListener.lifecycleEvent APR 용량정보들: IPv6 [true], sendfile [true], accept filters [false], random [true], UDS [true].
14-Jan-2022 21:41:42.109 INFO [main] org.apache.catalina.core.AprLifecycleListener.lifecycleEvent APR/OpenSSL 설정: useAprConnector [false], useOpenSSL [true]
14-Jan-2022 21:41:42.109 INFO [main] org.apache.catalina.core.AprLifecycleListener.initializeSSL OpenSSL이 성공적으로 초기화되었습니다: [OpenSSL 1.1.1l  24 Aug 2021]
14-Jan-2022 21:41:42.341 INFO [main] org.apache.coyote.AbstractProtocol.init 프로토콜 핸들러 ["http-nio-8080"]을(를) 초기화합니다.
14-Jan-2022 21:41:42.366 INFO [main] org.apache.catalina.startup.Catalina.load [489] 밀리초 내에 서버가 초기화되었습니다.
14-Jan-2022 21:41:42.410 INFO [main] org.apache.catalina.core.StandardService.startInternal 서비스 [Catalina]을(를) 시작합니다.
14-Jan-2022 21:41:42.411 INFO [main] org.apache.catalina.core.StandardEngine.startInternal 서버 엔진을 시작합니다: [Apache Tomcat/9.0.56]
14-Jan-2022 21:41:42.419 INFO [main] org.apache.catalina.startup.HostConfig.deployDirectory 웹 애플리케이션 디렉토리 [C:\Users\s_rudwhd515\OneDrive - konkuk.ac.kr\Desktop\KONKUK\Programming\Back-End\NewLecture\tools\apache-tomcat-9.0.56\webapps\docs]을(를) 배치합니다.
14-Jan-2022 21:41:42.707 INFO [main] org.apache.catalina.startup.HostConfig.deployDirectory 웹 애플리케이션 디렉토리 [C:\Users\s_rudwhd515\OneDrive - konkuk.ac.kr\Desktop\KONKUK\Programming\Back-End\NewLecture\tools\apache-tomcat-9.0.56\webapps\docs]에 대한 배치가 [280] 밀리초에 완료되었습니다.
14-Jan-2022 21:41:42.710 INFO [main] org.apache.catalina.startup.HostConfig.deployDirectory 웹 애플리케이션 디렉토리 [C:\Users\s_rudwhd515\OneDrive - konkuk.ac.kr\Desktop\KONKUK\Programming\Back-End\NewLecture\tools\apache-tomcat-9.0.56\webapps\examples]을(를) 배치합니다.
14-Jan-2022 21:41:43.223 INFO [main] org.apache.catalina.startup.HostConfig.deployDirectory 웹 애플리케이션 디렉토리 [C:\Users\s_rudwhd515\OneDrive - konkuk.ac.kr\Desktop\KONKUK\Programming\Back-End\NewLecture\tools\apache-tomcat-9.0.56\webapps\examples]에 대한 배치가 [513] 밀리초에 완료되었습니다.
14-Jan-2022 21:41:43.223 INFO [main] org.apache.catalina.startup.HostConfig.deployDirectory 웹 애플리케이션 디렉토리 [C:\Users\s_rudwhd515\OneDrive - konkuk.ac.kr\Desktop\KONKUK\Programming\Back-End\NewLecture\tools\apache-tomcat-9.0.56\webapps\host-manager]을(를) 배치합니다.
14-Jan-2022 21:41:43.279 INFO [main] org.apache.catalina.startup.HostConfig.deployDirectory 웹 애플리케이션 디렉토리 [C:\Users\s_rudwhd515\OneDrive - konkuk.ac.kr\Desktop\KONKUK\Programming\Back-End\NewLecture\tools\apache-tomcat-9.0.56\webapps\host-manager]에 대한 배치가 [56] 밀리초에 완료되었습니다.
14-Jan-2022 21:41:43.279 INFO [main] org.apache.catalina.startup.HostConfig.deployDirectory 웹 애플리케이션 디렉토리 [C:\Users\s_rudwhd515\OneDrive - konkuk.ac.kr\Desktop\KONKUK\Programming\Back-End\NewLecture\tools\apache-tomcat-9.0.56\webapps\manager]을(를) 배치합니다.
14-Jan-2022 21:41:43.319 INFO [main] org.apache.catalina.startup.HostConfig.deployDirectory 웹 애플리케이션 디렉토리 [C:\Users\s_rudwhd515\OneDrive - konkuk.ac.kr\Desktop\KONKUK\Programming\Back-End\NewLecture\tools\apache-tomcat-9.0.56\webapps\manager]에 대한 배치가 [40] 밀리초에 완료되었습니다.
14-Jan-2022 21:41:43.327 INFO [main] org.apache.catalina.startup.HostConfig.deployDirectory 웹 애플리케이션 디렉토리 [C:\Users\s_rudwhd515\OneDrive - konkuk.ac.kr\Desktop\KONKUK\Programming\Back-End\NewLecture\tools\apache-tomcat-9.0.56\webapps\ROOT]을(를) 배치합니다.
14-Jan-2022 21:41:43.359 INFO [main] org.apache.catalina.startup.HostConfig.deployDirectory 웹 애플리케이션 디렉토리 [C:\Users\s_rudwhd515\OneDrive - konkuk.ac.kr\Desktop\KONKUK\Programming\Back-End\NewLecture\tools\apache-tomcat-9.0.56\webapps\ROOT]에 대한 배치가 [32] 밀리초에 완료되었습니다.
14-Jan-2022 21:41:43.359 INFO [main] org.apache.coyote.AbstractProtocol.start 프로토콜 핸들러 ["http-nio-8080"]을(를) 시작합니다.
14-Jan-2022 21:41:43.414 INFO [main] org.apache.catalina.startup.Catalina.start 서버가 [1048] 밀리초 내에 시작되었습니다.
